This file contains any messages produced by compilers while
running configure, to aid debugging if configure makes a mistake.

It was created by configure, which was
generated by GNU Autoconf 2.68.  Invocation command line was

  $ ./configure --with-yapp=pgplot --with-pgplot-prefix=/home/adam/NEMO/nemo_cvs/lib --enable-debug

## --------- ##
## Platform. ##
## --------- ##

hostname = adam-ThinkPad-T420
uname -m = x86_64
uname -r = 3.5.0-36-generic
uname -s = Linux
uname -v = #57-Ubuntu SMP Wed Jun 19 15:10:49 UTC 2013

/usr/bin/uname -p = unknown
/bin/uname -X     = unknown

/bin/arch              = unknown
/usr/bin/arch -k       = unknown
/usr/convex/getsysinfo = unknown
/usr/bin/hostinfo      = unknown
/bin/machine           = unknown
/usr/bin/oslevel       = unknown
/bin/universe          = unknown

PATH: /usr/local/sbin
PATH: /usr/local/bin
PATH: /usr/sbin
PATH: /usr/bin
PATH: /sbin
PATH: /bin
PATH: /usr/games
PATH: /usr/local/games
PATH: /usr/local/MATLAB/R2012a/bin


## ----------- ##
## Core tests. ##
## ----------- ##

configure:2574: checking NEMO config
configure:2638: checking build system type
configure:2652: result: x86_64-unknown-linux-gnu
configure:2672: checking host system type
configure:2685: result: x86_64-unknown-linux-gnu
configure:2755: checking for gcc
configure:2782: result: gcc
configure:3011: checking for C compiler version
configure:3020: gcc --version >&5
gcc (Ubuntu/Linaro 4.7.2-2ubuntu1) 4.7.2
Copyright (C) 2012 Free Software Foundation, Inc.
This is free software; see the source for copying conditions.  There is NO
warranty; not even for MERCHANTABILITY or FITNESS FOR A PARTICULAR PURPOSE.

configure:3031: $? = 0
configure:3020: gcc -v >&5
Using built-in specs.
COLLECT_GCC=gcc
COLLECT_LTO_WRAPPER=/usr/lib/gcc/x86_64-linux-gnu/4.7/lto-wrapper
Target: x86_64-linux-gnu
Configured with: ../src/configure -v --with-pkgversion='Ubuntu/Linaro 4.7.2-2ubuntu1' --with-bugurl=file:///usr/share/doc/gcc-4.7/README.Bugs --enable-languages=c,c++,go,fortran,objc,obj-c++ --prefix=/usr --program-suffix=-4.7 --enable-shared --enable-linker-build-id --with-system-zlib --libexecdir=/usr/lib --without-included-gettext --enable-threads=posix --with-gxx-include-dir=/usr/include/c++/4.7 --libdir=/usr/lib --enable-nls --with-sysroot=/ --enable-clocale=gnu --enable-libstdcxx-debug --enable-libstdcxx-time=yes --enable-gnu-unique-object --enable-plugin --enable-objc-gc --disable-werror --with-arch-32=i686 --with-tune=generic --enable-checking=release --build=x86_64-linux-gnu --host=x86_64-linux-gnu --target=x86_64-linux-gnu
Thread model: posix
gcc version 4.7.2 (Ubuntu/Linaro 4.7.2-2ubuntu1) 
configure:3031: $? = 0
configure:3020: gcc -V >&5
gcc: error: unrecognized command line option '-V'
gcc: fatal error: no input files
compilation terminated.
configure:3031: $? = 4
configure:3020: gcc -qversion >&5
gcc: error: unrecognized command line option '-qversion'
gcc: fatal error: no input files
compilation terminated.
configure:3031: $? = 4
configure:3051: checking whether the C compiler works
configure:3073: gcc    conftest.c  >&5
configure:3077: $? = 0
configure:3125: result: yes
configure:3128: checking for C compiler default output file name
configure:3130: result: a.out
configure:3136: checking for suffix of executables
configure:3143: gcc -o conftest    conftest.c  >&5
configure:3147: $? = 0
configure:3169: result: 
configure:3191: checking whether we are cross compiling
configure:3199: gcc -o conftest    conftest.c  >&5
configure:3203: $? = 0
configure:3210: ./conftest
configure:3214: $? = 0
configure:3229: result: no
configure:3234: checking for suffix of object files
configure:3256: gcc -c   conftest.c >&5
configure:3260: $? = 0
configure:3281: result: o
configure:3285: checking whether we are using the GNU C compiler
configure:3304: gcc -c   conftest.c >&5
configure:3304: $? = 0
configure:3313: result: yes
configure:3322: checking whether gcc accepts -g
configure:3342: gcc -c -g  conftest.c >&5
configure:3342: $? = 0
configure:3383: result: yes
configure:3400: checking for gcc option to accept ISO C89
configure:3464: gcc  -c -g -O2  conftest.c >&5
configure:3464: $? = 0
configure:3477: result: none needed
configure:3503: checking how to run the C preprocessor
configure:3534: gcc -E  conftest.c
configure:3534: $? = 0
configure:3548: gcc -E  conftest.c
conftest.c:9:28: fatal error: ac_nonexistent.h: No such file or directory
compilation terminated.
configure:3548: $? = 1
configure: failed program was:
| /* confdefs.h */
| #define PACKAGE_NAME ""
| #define PACKAGE_TARNAME ""
| #define PACKAGE_VERSION ""
| #define PACKAGE_STRING ""
| #define PACKAGE_BUGREPORT ""
| #define PACKAGE_URL ""
| /* end confdefs.h.  */
| #include <ac_nonexistent.h>
configure:3573: result: gcc -E
configure:3593: gcc -E  conftest.c
configure:3593: $? = 0
configure:3607: gcc -E  conftest.c
conftest.c:9:28: fatal error: ac_nonexistent.h: No such file or directory
compilation terminated.
configure:3607: $? = 1
configure: failed program was:
| /* confdefs.h */
| #define PACKAGE_NAME ""
| #define PACKAGE_TARNAME ""
| #define PACKAGE_VERSION ""
| #define PACKAGE_STRING ""
| #define PACKAGE_BUGREPORT ""
| #define PACKAGE_URL ""
| /* end confdefs.h.  */
| #include <ac_nonexistent.h>
configure:3636: checking for grep that handles long lines and -e
configure:3694: result: /bin/grep
configure:3699: checking for egrep
configure:3761: result: /bin/grep -E
configure:3766: checking for ANSI C header files
configure:3786: gcc -c -g -O2  conftest.c >&5
configure:3786: $? = 0
configure:3859: gcc -o conftest -g -O2   conftest.c  >&5
configure:3859: $? = 0
configure:3859: ./conftest
configure:3859: $? = 0
configure:3870: result: yes
configure:3883: checking for sys/types.h
configure:3883: gcc -c -g -O2  conftest.c >&5
configure:3883: $? = 0
configure:3883: result: yes
configure:3883: checking for sys/stat.h
configure:3883: gcc -c -g -O2  conftest.c >&5
configure:3883: $? = 0
configure:3883: result: yes
configure:3883: checking for stdlib.h
configure:3883: gcc -c -g -O2  conftest.c >&5
configure:3883: $? = 0
configure:3883: result: yes
configure:3883: checking for string.h
configure:3883: gcc -c -g -O2  conftest.c >&5
configure:3883: $? = 0
configure:3883: result: yes
configure:3883: checking for memory.h
configure:3883: gcc -c -g -O2  conftest.c >&5
configure:3883: $? = 0
configure:3883: result: yes
configure:3883: checking for strings.h
configure:3883: gcc -c -g -O2  conftest.c >&5
configure:3883: $? = 0
configure:3883: result: yes
configure:3883: checking for inttypes.h
configure:3883: gcc -c -g -O2  conftest.c >&5
configure:3883: $? = 0
configure:3883: result: yes
configure:3883: checking for stdint.h
configure:3883: gcc -c -g -O2  conftest.c >&5
configure:3883: $? = 0
configure:3883: result: yes
configure:3883: checking for unistd.h
configure:3883: gcc -c -g -O2  conftest.c >&5
configure:3883: $? = 0
configure:3883: result: yes
configure:3899: checking size of float
configure:3904: gcc -o conftest -g -O2   conftest.c  >&5
configure:3904: $? = 0
configure:3904: ./conftest
configure:3904: $? = 0
configure:3918: result: 4
configure:3932: checking size of double
configure:3937: gcc -o conftest -g -O2   conftest.c  >&5
configure:3937: $? = 0
configure:3937: ./conftest
configure:3937: $? = 0
configure:3951: result: 8
configure:3965: checking size of long double
configure:3970: gcc -o conftest -g -O2   conftest.c  >&5
configure:3970: $? = 0
configure:3970: ./conftest
configure:3970: $? = 0
configure:3984: result: 16
configure:3998: checking size of char
configure:4003: gcc -o conftest -g -O2   conftest.c  >&5
configure:4003: $? = 0
configure:4003: ./conftest
configure:4003: $? = 0
configure:4017: result: 1
configure:4031: checking size of short
configure:4036: gcc -o conftest -g -O2   conftest.c  >&5
configure:4036: $? = 0
configure:4036: ./conftest
configure:4036: $? = 0
configure:4050: result: 2
configure:4064: checking size of int
configure:4069: gcc -o conftest -g -O2   conftest.c  >&5
configure:4069: $? = 0
configure:4069: ./conftest
configure:4069: $? = 0
configure:4083: result: 4
configure:4097: checking size of long
configure:4102: gcc -o conftest -g -O2   conftest.c  >&5
configure:4102: $? = 0
configure:4102: ./conftest
configure:4102: $? = 0
configure:4116: result: 8
configure:4130: checking size of long long
configure:4135: gcc -o conftest -g -O2   conftest.c  >&5
configure:4135: $? = 0
configure:4135: ./conftest
configure:4135: $? = 0
configure:4149: result: 8
configure:4161: checking for ANSI C header files
configure:4265: result: yes
configure:4276: checking for strchr
configure:4276: gcc -o conftest -g -O2   conftest.c  >&5
conftest.c:51:6: warning: conflicting types for built-in function 'strchr' [enabled by default]
configure:4276: $? = 0
configure:4276: result: yes
configure:4276: checking for memcpy
configure:4276: gcc -o conftest -g -O2   conftest.c  >&5
conftest.c:52:6: warning: conflicting types for built-in function 'memcpy' [enabled by default]
configure:4276: $? = 0
configure:4276: result: yes
configure:4287: checking for vendor's cc to be used instead of gcc
configure:4291: checking for cc
configure:4318: result: gcc
configure:4631: checking for C compiler version
configure:4640: gcc --version >&5
gcc (Ubuntu/Linaro 4.7.2-2ubuntu1) 4.7.2
Copyright (C) 2012 Free Software Foundation, Inc.
This is free software; see the source for copying conditions.  There is NO
warranty; not even for MERCHANTABILITY or FITNESS FOR A PARTICULAR PURPOSE.

configure:4651: $? = 0
configure:4640: gcc -v >&5
Using built-in specs.
COLLECT_GCC=gcc
COLLECT_LTO_WRAPPER=/usr/lib/gcc/x86_64-linux-gnu/4.7/lto-wrapper
Target: x86_64-linux-gnu
Configured with: ../src/configure -v --with-pkgversion='Ubuntu/Linaro 4.7.2-2ubuntu1' --with-bugurl=file:///usr/share/doc/gcc-4.7/README.Bugs --enable-languages=c,c++,go,fortran,objc,obj-c++ --prefix=/usr --program-suffix=-4.7 --enable-shared --enable-linker-build-id --with-system-zlib --libexecdir=/usr/lib --without-included-gettext --enable-threads=posix --with-gxx-include-dir=/usr/include/c++/4.7 --libdir=/usr/lib --enable-nls --with-sysroot=/ --enable-clocale=gnu --enable-libstdcxx-debug --enable-libstdcxx-time=yes --enable-gnu-unique-object --enable-plugin --enable-objc-gc --disable-werror --with-arch-32=i686 --with-tune=generic --enable-checking=release --build=x86_64-linux-gnu --host=x86_64-linux-gnu --target=x86_64-linux-gnu
Thread model: posix
gcc version 4.7.2 (Ubuntu/Linaro 4.7.2-2ubuntu1) 
configure:4651: $? = 0
configure:4640: gcc -V >&5
gcc: error: unrecognized command line option '-V'
gcc: fatal error: no input files
compilation terminated.
configure:4651: $? = 4
configure:4640: gcc -qversion >&5
gcc: error: unrecognized command line option '-qversion'
gcc: fatal error: no input files
compilation terminated.
configure:4651: $? = 4
configure:4655: checking whether we are using the GNU C compiler
configure:4683: result: yes
configure:4692: checking whether gcc accepts -g
configure:4753: result: yes
configure:4770: checking for gcc option to accept ISO C89
configure:4847: result: none needed
configure:4979: checking for C++ compiler version
configure:4988: g++ --version >&5
g++ (Ubuntu/Linaro 4.7.2-2ubuntu1) 4.7.2
Copyright (C) 2012 Free Software Foundation, Inc.
This is free software; see the source for copying conditions.  There is NO
warranty; not even for MERCHANTABILITY or FITNESS FOR A PARTICULAR PURPOSE.

configure:4999: $? = 0
configure:4988: g++ -v >&5
Using built-in specs.
COLLECT_GCC=g++
COLLECT_LTO_WRAPPER=/usr/lib/gcc/x86_64-linux-gnu/4.7/lto-wrapper
Target: x86_64-linux-gnu
Configured with: ../src/configure -v --with-pkgversion='Ubuntu/Linaro 4.7.2-2ubuntu1' --with-bugurl=file:///usr/share/doc/gcc-4.7/README.Bugs --enable-languages=c,c++,go,fortran,objc,obj-c++ --prefix=/usr --program-suffix=-4.7 --enable-shared --enable-linker-build-id --with-system-zlib --libexecdir=/usr/lib --without-included-gettext --enable-threads=posix --with-gxx-include-dir=/usr/include/c++/4.7 --libdir=/usr/lib --enable-nls --with-sysroot=/ --enable-clocale=gnu --enable-libstdcxx-debug --enable-libstdcxx-time=yes --enable-gnu-unique-object --enable-plugin --enable-objc-gc --disable-werror --with-arch-32=i686 --with-tune=generic --enable-checking=release --build=x86_64-linux-gnu --host=x86_64-linux-gnu --target=x86_64-linux-gnu
Thread model: posix
gcc version 4.7.2 (Ubuntu/Linaro 4.7.2-2ubuntu1) 
configure:4999: $? = 0
configure:4988: g++ -V >&5
g++: error: unrecognized command line option '-V'
g++: fatal error: no input files
compilation terminated.
configure:4999: $? = 4
configure:4988: g++ -qversion >&5
g++: error: unrecognized command line option '-qversion'
g++: fatal error: no input files
compilation terminated.
configure:4999: $? = 4
configure:5003: checking whether we are using the GNU C++ compiler
configure:5022: g++ -c   conftest.cpp >&5
configure:5022: $? = 0
configure:5031: result: yes
configure:5040: checking whether g++ accepts -g
configure:5060: g++ -c -g  conftest.cpp >&5
configure:5060: $? = 0
configure:5101: result: yes
configure:5128: checking for gawk
configure:5144: found /usr/bin/gawk
configure:5155: result: gawk
configure:5180: checking for a BSD-compatible install
configure:5248: result: /usr/bin/install -c
configure:5259: checking whether ln -s works
configure:5263: result: yes
configure:5270: checking whether make sets $(MAKE)
configure:5292: result: yes
configure:5344: checking for ranlib
configure:5360: found /usr/bin/ranlib
configure:5371: result: ranlib
configure:5409: checking for gmake
configure:5439: result: no
configure:5409: checking for make
configure:5425: found /usr/bin/make
configure:5436: result: make
configure:5451: checking whether make is GNU Make
configure:5456: result: yes
configure:5497: checking which precision NEMO is going to use
configure:5540: result: 
configure:5544: checking if the gnu coverage tool is to be used
configure:5557: result: no
configure:5619: checking for X
configure:5727: gcc -E  conftest.c
configure:5727: $? = 0
configure:5758: gcc -o conftest -g -D_FILE_OFFSET_BITS=64 -D_LARGEFILE_SOURCE -D_LARGEFILE64_SOURCE  -g conftest.c -lX11  >&5
configure:5758: $? = 0
configure:5808: result: libraries , headers 
configure:5907: gcc -o conftest -g -D_FILE_OFFSET_BITS=64 -D_LARGEFILE_SOURCE -D_LARGEFILE64_SOURCE  -g conftest.c   -lX11 >&5
configure:5907: $? = 0
configure:6005: checking for gethostbyname
configure:6005: gcc -o conftest -g -D_FILE_OFFSET_BITS=64 -D_LARGEFILE_SOURCE -D_LARGEFILE64_SOURCE  -g conftest.c  >&5
configure:6005: $? = 0
configure:6005: result: yes
configure:6102: checking for connect
configure:6102: gcc -o conftest -g -D_FILE_OFFSET_BITS=64 -D_LARGEFILE_SOURCE -D_LARGEFILE64_SOURCE  -g conftest.c  >&5
configure:6102: $? = 0
configure:6102: result: yes
configure:6151: checking for remove
configure:6151: gcc -o conftest -g -D_FILE_OFFSET_BITS=64 -D_LARGEFILE_SOURCE -D_LARGEFILE64_SOURCE  -g conftest.c  >&5
configure:6151: $? = 0
configure:6151: result: yes
configure:6200: checking for shmat
configure:6200: gcc -o conftest -g -D_FILE_OFFSET_BITS=64 -D_LARGEFILE_SOURCE -D_LARGEFILE64_SOURCE  -g conftest.c  >&5
configure:6200: $? = 0
configure:6200: result: yes
configure:6258: checking for IceConnectionNumber in -lICE
configure:6283: gcc -o conftest -g -D_FILE_OFFSET_BITS=64 -D_LARGEFILE_SOURCE -D_LARGEFILE64_SOURCE  -g conftest.c -lICE   >&5
configure:6283: $? = 0
configure:6292: result: yes
configure:6316: checking for glBegin in -lGL
configure:6341: gcc -o conftest -g -D_FILE_OFFSET_BITS=64 -D_LARGEFILE_SOURCE -D_LARGEFILE64_SOURCE  -g conftest.c -lGL   -lSM -lICE -lXext -lX11   >&5
configure:6341: $? = 0
configure:6350: result: yes
configure:6353: checking for gluProject in -lGLU
configure:6378: gcc -o conftest -g -D_FILE_OFFSET_BITS=64 -D_LARGEFILE_SOURCE -D_LARGEFILE64_SOURCE  -g conftest.c -lGLU -lGL   -lSM -lICE -lXext -lX11   >&5
configure:6378: $? = 0
configure:6387: result: yes
configure:6838: checking for XMesaGetBackBuffer
configure:6838: gcc -o conftest -g -D_FILE_OFFSET_BITS=64 -D_LARGEFILE_SOURCE -D_LARGEFILE64_SOURCE  -g conftest.c -lGLU -lGL   -lSM -lICE -lXext -lX11   >&5
/tmp/ccOOMeGx.o: In function `main':
/home/adam/NEMO/nemo_cvs/conftest.c:65: undefined reference to `XMesaGetBackBuffer'
collect2: error: ld returned 1 exit status
configure:6838: $? = 1
configure: failed program was:
| /* confdefs.h */
| #define PACKAGE_NAME ""
| #define PACKAGE_TARNAME ""
| #define PACKAGE_VERSION ""
| #define PACKAGE_STRING ""
| #define PACKAGE_BUGREPORT ""
| #define PACKAGE_URL ""
| #define STDC_HEADERS 1
| #define HAVE_SYS_TYPES_H 1
| #define HAVE_SYS_STAT_H 1
| #define HAVE_STDLIB_H 1
| #define HAVE_STRING_H 1
| #define HAVE_MEMORY_H 1
| #define HAVE_STRINGS_H 1
| #define HAVE_INTTYPES_H 1
| #define HAVE_STDINT_H 1
| #define HAVE_UNISTD_H 1
| #define SIZEOF_FLOAT 4
| #define SIZEOF_DOUBLE 8
| #define SIZEOF_LONG_DOUBLE 16
| #define SIZEOF_CHAR 1
| #define SIZEOF_SHORT 2
| #define SIZEOF_INT 4
| #define SIZEOF_LONG 8
| #define SIZEOF_LONG_LONG 8
| #define STDC_HEADERS 1
| #define HAVE_STRCHR 1
| #define HAVE_MEMCPY 1
| #define HAVE_OPENGL 1
| /* end confdefs.h.  */
| /* Define XMesaGetBackBuffer to an innocuous variant, in case <limits.h> declares XMesaGetBackBuffer.
|    For example, HP-UX 11i <limits.h> declares gettimeofday.  */
| #define XMesaGetBackBuffer innocuous_XMesaGetBackBuffer
| 
| /* System header to define __stub macros and hopefully few prototypes,
|     which can conflict with char XMesaGetBackBuffer (); below.
|     Prefer <limits.h> to <assert.h> if __STDC__ is defined, since
|     <limits.h> exists even on freestanding compilers.  */
| 
| #ifdef __STDC__
| # include <limits.h>
| #else
| # include <assert.h>
| #endif
| 
| #undef XMesaGetBackBuffer
| 
| /* Override any GCC internal prototype to avoid an error.
|    Use char because int might match the return type of a GCC
|    builtin and then its argument prototype would still apply.  */
| #ifdef __cplusplus
| extern "C"
| #endif
| char XMesaGetBackBuffer ();
| /* The GNU C library defines this for functions which it implements
|     to always fail with ENOSYS.  Some functions are actually named
|     something starting with __ and the normal name is an alias.  */
| #if defined __stub_XMesaGetBackBuffer || defined __stub___XMesaGetBackBuffer
| choke me
| #endif
| 
| int
| main ()
| {
| return XMesaGetBackBuffer ();
|   ;
|   return 0;
| }
configure:6838: result: no
configure:6852: checking whether we have a FORTRAN 77 compiler
configure:6858: checking for gfortran
configure:6885: result: gfortran
configure:7002: checking for Fortran 77 compiler version
configure:7011: gfortran --version >&5
GNU Fortran (Ubuntu/Linaro 4.7.2-2ubuntu1) 4.7.2
Copyright (C) 2012 Free Software Foundation, Inc.

GNU Fortran comes with NO WARRANTY, to the extent permitted by law.
You may redistribute copies of GNU Fortran
under the terms of the GNU General Public License.
For more information about these matters, see the file named COPYING

configure:7022: $? = 0
configure:7011: gfortran -v >&5
Using built-in specs.
COLLECT_GCC=gfortran
COLLECT_LTO_WRAPPER=/usr/lib/gcc/x86_64-linux-gnu/4.7/lto-wrapper
Target: x86_64-linux-gnu
Configured with: ../src/configure -v --with-pkgversion='Ubuntu/Linaro 4.7.2-2ubuntu1' --with-bugurl=file:///usr/share/doc/gcc-4.7/README.Bugs --enable-languages=c,c++,go,fortran,objc,obj-c++ --prefix=/usr --program-suffix=-4.7 --enable-shared --enable-linker-build-id --with-system-zlib --libexecdir=/usr/lib --without-included-gettext --enable-threads=posix --with-gxx-include-dir=/usr/include/c++/4.7 --libdir=/usr/lib --enable-nls --with-sysroot=/ --enable-clocale=gnu --enable-libstdcxx-debug --enable-libstdcxx-time=yes --enable-gnu-unique-object --enable-plugin --enable-objc-gc --disable-werror --with-arch-32=i686 --with-tune=generic --enable-checking=release --build=x86_64-linux-gnu --host=x86_64-linux-gnu --target=x86_64-linux-gnu
Thread model: posix
gcc version 4.7.2 (Ubuntu/Linaro 4.7.2-2ubuntu1) 
configure:7022: $? = 0
configure:7011: gfortran -V >&5
gfortran: error: unrecognized command line option '-V'
gfortran: fatal error: no input files
compilation terminated.
configure:7022: $? = 4
configure:7011: gfortran -qversion >&5
gfortran: error: unrecognized command line option '-qversion'
gfortran: fatal error: no input files
compilation terminated.
configure:7022: $? = 4
configure:7031: checking whether we are using the GNU Fortran 77 compiler
configure:7044: gfortran -c -g conftest.F >&5
configure:7044: $? = 0
configure:7053: result: yes
configure:7059: checking whether gfortran accepts -g
configure:7070: gfortran -c -g conftest.f >&5
configure:7070: $? = 0
configure:7078: result: yes
configure:7114: checking how to get verbose linking output from gfortran
configure:7124: gfortran -c -g conftest.f >&5
configure:7124: $? = 0
configure:7142: gfortran -o conftest -g -v -g conftest.f
Using built-in specs.
Target: x86_64-linux-gnu
Thread model: posix
gcc version 4.7.2 (Ubuntu/Linaro 4.7.2-2ubuntu1) 
 /usr/lib/gcc/x86_64-linux-gnu/4.7/f951 conftest.f -ffixed-form -quiet -dumpbase conftest.f -mtune=generic -march=x86-64 -auxbase conftest -g -g -version -fintrinsic-modules-path /usr/lib/gcc/x86_64-linux-gnu/4.7/finclude -o /tmp/ccVS7f7j.s
GNU Fortran (Ubuntu/Linaro 4.7.2-2ubuntu1) version 4.7.2 (x86_64-linux-gnu)
	compiled by GNU C version 4.7.2, GMP version 5.0.2, MPFR version 3.1.0-p3, MPC version 0.9
GGC heuristics: --param ggc-min-expand=100 --param ggc-min-heapsize=131072
GNU Fortran (Ubuntu/Linaro 4.7.2-2ubuntu1) version 4.7.2 (x86_64-linux-gnu)
	compiled by GNU C version 4.7.2, GMP version 5.0.2, MPFR version 3.1.0-p3, MPC version 0.9
GGC heuristics: --param ggc-min-expand=100 --param ggc-min-heapsize=131072
 as -v --64 -o /tmp/ccdfShPS.o /tmp/ccVS7f7j.s
GNU assembler version 2.22.90 (x86_64-linux-gnu) using BFD version (GNU Binutils for Ubuntu) 2.22.90.20120924
Reading specs from /usr/lib/gcc/x86_64-linux-gnu/4.7/libgfortran.spec
rename spec lib to liborig
 /usr/lib/gcc/x86_64-linux-gnu/4.7/collect2 --sysroot=/ --build-id --no-add-needed --as-needed --eh-frame-hdr -m elf_x86_64 --hash-style=gnu -dynamic-linker /lib64/ld-linux-x86-64.so.2 -z relro -o conftest /usr/lib/gcc/x86_64-linux-gnu/4.7/../../../x86_64-linux-gnu/crt1.o /usr/lib/gcc/x86_64-linux-gnu/4.7/../../../x86_64-linux-gnu/crti.o /usr/lib/gcc/x86_64-linux-gnu/4.7/crtbegin.o -L/usr/lib/gcc/x86_64-linux-gnu/4.7 -L/usr/lib/gcc/x86_64-linux-gnu/4.7/../../../x86_64-linux-gnu -L/usr/lib/gcc/x86_64-linux-gnu/4.7/../../../../lib -L/lib/x86_64-linux-gnu -L/lib/../lib -L/usr/lib/x86_64-linux-gnu -L/usr/lib/../lib -L/usr/lib/gcc/x86_64-linux-gnu/4.7/../../.. /tmp/ccdfShPS.o -lgfortran -lm -lgcc_s -lgcc -lquadmath -lm -lgcc_s -lgcc -lc -lgcc_s -lgcc /usr/lib/gcc/x86_64-linux-gnu/4.7/crtend.o /usr/lib/gcc/x86_64-linux-gnu/4.7/../../../x86_64-linux-gnu/crtn.o
configure:7208: result: -v
configure:7210: checking for Fortran 77 libraries of gfortran
configure:7233: gfortran -o conftest -g -v -g conftest.f
Using built-in specs.
Target: x86_64-linux-gnu
Thread model: posix
gcc version 4.7.2 (Ubuntu/Linaro 4.7.2-2ubuntu1) 
 /usr/lib/gcc/x86_64-linux-gnu/4.7/f951 conftest.f -ffixed-form -quiet -dumpbase conftest.f -mtune=generic -march=x86-64 -auxbase conftest -g -g -version -fintrinsic-modules-path /usr/lib/gcc/x86_64-linux-gnu/4.7/finclude -o /tmp/ccccmdMn.s
GNU Fortran (Ubuntu/Linaro 4.7.2-2ubuntu1) version 4.7.2 (x86_64-linux-gnu)
	compiled by GNU C version 4.7.2, GMP version 5.0.2, MPFR version 3.1.0-p3, MPC version 0.9
GGC heuristics: --param ggc-min-expand=100 --param ggc-min-heapsize=131072
GNU Fortran (Ubuntu/Linaro 4.7.2-2ubuntu1) version 4.7.2 (x86_64-linux-gnu)
	compiled by GNU C version 4.7.2, GMP version 5.0.2, MPFR version 3.1.0-p3, MPC version 0.9
GGC heuristics: --param ggc-min-expand=100 --param ggc-min-heapsize=131072
 as -v --64 -o /tmp/ccmjViHW.o /tmp/ccccmdMn.s
GNU assembler version 2.22.90 (x86_64-linux-gnu) using BFD version (GNU Binutils for Ubuntu) 2.22.90.20120924
Reading specs from /usr/lib/gcc/x86_64-linux-gnu/4.7/libgfortran.spec
rename spec lib to liborig
 /usr/lib/gcc/x86_64-linux-gnu/4.7/collect2 --sysroot=/ --build-id --no-add-needed --as-needed --eh-frame-hdr -m elf_x86_64 --hash-style=gnu -dynamic-linker /lib64/ld-linux-x86-64.so.2 -z relro -o conftest /usr/lib/gcc/x86_64-linux-gnu/4.7/../../../x86_64-linux-gnu/crt1.o /usr/lib/gcc/x86_64-linux-gnu/4.7/../../../x86_64-linux-gnu/crti.o /usr/lib/gcc/x86_64-linux-gnu/4.7/crtbegin.o -L/usr/lib/gcc/x86_64-linux-gnu/4.7 -L/usr/lib/gcc/x86_64-linux-gnu/4.7/../../../x86_64-linux-gnu -L/usr/lib/gcc/x86_64-linux-gnu/4.7/../../../../lib -L/lib/x86_64-linux-gnu -L/lib/../lib -L/usr/lib/x86_64-linux-gnu -L/usr/lib/../lib -L/usr/lib/gcc/x86_64-linux-gnu/4.7/../../.. /tmp/ccmjViHW.o -lgfortran -lm -lgcc_s -lgcc -lquadmath -lm -lgcc_s -lgcc -lc -lgcc_s -lgcc /usr/lib/gcc/x86_64-linux-gnu/4.7/crtend.o /usr/lib/gcc/x86_64-linux-gnu/4.7/../../../x86_64-linux-gnu/crtn.o
configure:7408: result:  -L/usr/lib/gcc/x86_64-linux-gnu/4.7 -L/usr/lib/gcc/x86_64-linux-gnu/4.7/../../../x86_64-linux-gnu -L/usr/lib/gcc/x86_64-linux-gnu/4.7/../../../../lib -L/lib/x86_64-linux-gnu -L/lib/../lib -L/usr/lib/x86_64-linux-gnu -L/usr/lib/../lib -L/usr/lib/gcc/x86_64-linux-gnu/4.7/../../.. -lgfortran -lm -lquadmath
configure:7423: checking how f77 mangles function names
configure:7434: gfortran -c -g mangle-func.f 1>&5
configure:7437: $? = 0
configure:7468: gcc -o conftest -g -D_FILE_OFFSET_BITS=64 -D_LARGEFILE_SOURCE -D_LARGEFILE64_SOURCE  -g conftest.c mangle-func.o  -L/usr/lib/gcc/x86_64-linux-gnu/4.7 -L/usr/lib/gcc/x86_64-linux-gnu/4.7/../../../x86_64-linux-gnu -L/usr/lib/gcc/x86_64-linux-gnu/4.7/../../../../lib -L/lib/x86_64-linux-gnu -L/lib/../lib -L/usr/lib/x86_64-linux-gnu -L/usr/lib/../lib -L/usr/lib/gcc/x86_64-linux-gnu/4.7/../../.. -lgfortran -lm -lquadmath  >&5
/tmp/ccVpbnX7.o: In function `main':
/home/adam/NEMO/nemo_cvs/conftest.c:35: undefined reference to `foobar'
collect2: error: ld returned 1 exit status
configure:7468: $? = 1
configure: failed program was:
| /* confdefs.h */
| #define PACKAGE_NAME ""
| #define PACKAGE_TARNAME ""
| #define PACKAGE_VERSION ""
| #define PACKAGE_STRING ""
| #define PACKAGE_BUGREPORT ""
| #define PACKAGE_URL ""
| #define STDC_HEADERS 1
| #define HAVE_SYS_TYPES_H 1
| #define HAVE_SYS_STAT_H 1
| #define HAVE_STDLIB_H 1
| #define HAVE_STRING_H 1
| #define HAVE_MEMORY_H 1
| #define HAVE_STRINGS_H 1
| #define HAVE_INTTYPES_H 1
| #define HAVE_STDINT_H 1
| #define HAVE_UNISTD_H 1
| #define SIZEOF_FLOAT 4
| #define SIZEOF_DOUBLE 8
| #define SIZEOF_LONG_DOUBLE 16
| #define SIZEOF_CHAR 1
| #define SIZEOF_SHORT 2
| #define SIZEOF_INT 4
| #define SIZEOF_LONG 8
| #define SIZEOF_LONG_LONG 8
| #define STDC_HEADERS 1
| #define HAVE_STRCHR 1
| #define HAVE_MEMCPY 1
| #define HAVE_OPENGL 1
| /* end confdefs.h.  */
| 
| int
| main ()
| {
| foobar();
|   ;
|   return 0;
| }
configure:7482: gcc -o conftest -g -D_FILE_OFFSET_BITS=64 -D_LARGEFILE_SOURCE -D_LARGEFILE64_SOURCE  -g conftest.c mangle-func.o  -L/usr/lib/gcc/x86_64-linux-gnu/4.7 -L/usr/lib/gcc/x86_64-linux-gnu/4.7/../../../x86_64-linux-gnu -L/usr/lib/gcc/x86_64-linux-gnu/4.7/../../../../lib -L/lib/x86_64-linux-gnu -L/lib/../lib -L/usr/lib/x86_64-linux-gnu -L/usr/lib/../lib -L/usr/lib/gcc/x86_64-linux-gnu/4.7/../../.. -lgfortran -lm -lquadmath  >&5
configure:7482: $? = 0
configure:7531: result: lowercase-underscore
configure:7558: checking if f77 functions with an underscore get an extra underscore
configure:7581: gcc -o conftest -g -D_FILE_OFFSET_BITS=64 -D_LARGEFILE_SOURCE -D_LARGEFILE64_SOURCE  -g conftest.c mangle-func.o  -L/usr/lib/gcc/x86_64-linux-gnu/4.7 -L/usr/lib/gcc/x86_64-linux-gnu/4.7/../../../x86_64-linux-gnu -L/usr/lib/gcc/x86_64-linux-gnu/4.7/../../../../lib -L/lib/x86_64-linux-gnu -L/lib/../lib -L/usr/lib/x86_64-linux-gnu -L/usr/lib/../lib -L/usr/lib/gcc/x86_64-linux-gnu/4.7/../../.. -lgfortran -lm -lquadmath  >&5
/tmp/ccKaCt1f.o: In function `main':
/home/adam/NEMO/nemo_cvs/conftest.c:36: undefined reference to `foo_bar__'
collect2: error: ld returned 1 exit status
configure:7581: $? = 1
configure: failed program was:
| /* confdefs.h */
| #define PACKAGE_NAME ""
| #define PACKAGE_TARNAME ""
| #define PACKAGE_VERSION ""
| #define PACKAGE_STRING ""
| #define PACKAGE_BUGREPORT ""
| #define PACKAGE_URL ""
| #define STDC_HEADERS 1
| #define HAVE_SYS_TYPES_H 1
| #define HAVE_SYS_STAT_H 1
| #define HAVE_STDLIB_H 1
| #define HAVE_STRING_H 1
| #define HAVE_MEMORY_H 1
| #define HAVE_STRINGS_H 1
| #define HAVE_INTTYPES_H 1
| #define HAVE_STDINT_H 1
| #define HAVE_UNISTD_H 1
| #define SIZEOF_FLOAT 4
| #define SIZEOF_DOUBLE 8
| #define SIZEOF_LONG_DOUBLE 16
| #define SIZEOF_CHAR 1
| #define SIZEOF_SHORT 2
| #define SIZEOF_INT 4
| #define SIZEOF_LONG 8
| #define SIZEOF_LONG_LONG 8
| #define STDC_HEADERS 1
| #define HAVE_STRCHR 1
| #define HAVE_MEMCPY 1
| #define HAVE_OPENGL 1
| #define FORTRANIZE_LOWERCASE_UNDERSCORE 1
| /* end confdefs.h.  */
| 
| int
| main ()
| {
| foo_bar__();
|   ;
|   return 0;
| }
configure:7598: result: no
configure:7626: checking for f77 flags to use C main function
configure:7642: gcc -c -g -D_FILE_OFFSET_BITS=64 -D_LARGEFILE_SOURCE -D_LARGEFILE64_SOURCE  conftest.c >&5
configure:7642: $? = 0
configure:7675: gfortran -o conftest -g -g conftest.f conftest_cmain.o  >&5
configure:7675: $? = 0
configure:7691: result: none
configure:7710: checking for f77 flags to use C main function
configure:7775: result: none
configure:7789: WARNING: f77 cmain ok
configure:7796: checking size of unformatted fortran I/O header/footer
configure:7802: result: 4
configure:7820: checking what flags we need to created shared libs
configure:7841: result: -fpic
configure:7865: checking whether we have PGPLOT
configure:7901: result: yes, /home/adam/NEMO/nemo_cvs/lib
configure:7942: checking for sqrt in -lm
configure:7967: gcc -o conftest -g -D_FILE_OFFSET_BITS=64 -D_LARGEFILE_SOURCE -D_LARGEFILE64_SOURCE  -g conftest.c -lm   >&5
conftest.c:41:6: warning: conflicting types for built-in function 'sqrt' [enabled by default]
configure:7967: $? = 0
configure:7976: result: yes
configure:7997: checking whether we have HDF
configure:8020: result: yes: hdf4, -I/usr/include/hdf
configure:8105: WARNING: CFITSIO disabled
configure:8113: checking almost whether we have LAM/MPI
configure:8115: result: not yet
configure:8119: checking whether we have PVM_ROOT and PVM_ARCH
configure:8130: result: no
configure:8136: checking whether we have MIRIAD
configure:8160: result: yes: bima-miriad /usr/local/option/miriad/
configure:8448: WARNING: GSL disabled
configure:8482: WARNING: TCL disabled
configure:8511: checking for tputs in -lncurses
configure:8536: gcc -o conftest -g -D_FILE_OFFSET_BITS=64 -D_LARGEFILE_SOURCE -D_LARGEFILE64_SOURCE  -g conftest.c -lncurses   >&5
/usr/bin/ld: cannot find -lncurses
collect2: error: ld returned 1 exit status
configure:8536: $? = 1
configure: failed program was:
| /* confdefs.h */
| #define PACKAGE_NAME ""
| #define PACKAGE_TARNAME ""
| #define PACKAGE_VERSION ""
| #define PACKAGE_STRING ""
| #define PACKAGE_BUGREPORT ""
| #define PACKAGE_URL ""
| #define STDC_HEADERS 1
| #define HAVE_SYS_TYPES_H 1
| #define HAVE_SYS_STAT_H 1
| #define HAVE_STDLIB_H 1
| #define HAVE_STRING_H 1
| #define HAVE_MEMORY_H 1
| #define HAVE_STRINGS_H 1
| #define HAVE_INTTYPES_H 1
| #define HAVE_STDINT_H 1
| #define HAVE_UNISTD_H 1
| #define SIZEOF_FLOAT 4
| #define SIZEOF_DOUBLE 8
| #define SIZEOF_LONG_DOUBLE 16
| #define SIZEOF_CHAR 1
| #define SIZEOF_SHORT 2
| #define SIZEOF_INT 4
| #define SIZEOF_LONG 8
| #define SIZEOF_LONG_LONG 8
| #define STDC_HEADERS 1
| #define HAVE_STRCHR 1
| #define HAVE_MEMCPY 1
| #define HAVE_OPENGL 1
| #define FORTRANIZE_LOWERCASE_UNDERSCORE 1
| #define UNFIO_HDR_SIZE 4
| #define HAVE_LIBPGPLOT 1
| #define HAVE_HDF 1
| #define _WITH_MIRIAD 1
| #define _WITH_MIRIAD_BIMA 1
| /* end confdefs.h.  */
| 
| /* Override any GCC internal prototype to avoid an error.
|    Use char because int might match the return type of a GCC
|    builtin and then its argument prototype would still apply.  */
| #ifdef __cplusplus
| extern "C"
| #endif
| char tputs ();
| int
| main ()
| {
| return tputs ();
|   ;
|   return 0;
| }
configure:8546: result: no
configure:8511: checking for tputs in -lcurses
configure:8536: gcc -o conftest -g -D_FILE_OFFSET_BITS=64 -D_LARGEFILE_SOURCE -D_LARGEFILE64_SOURCE  -g conftest.c -lcurses   >&5
/usr/bin/ld: cannot find -lcurses
collect2: error: ld returned 1 exit status
configure:8536: $? = 1
configure: failed program was:
| /* confdefs.h */
| #define PACKAGE_NAME ""
| #define PACKAGE_TARNAME ""
| #define PACKAGE_VERSION ""
| #define PACKAGE_STRING ""
| #define PACKAGE_BUGREPORT ""
| #define PACKAGE_URL ""
| #define STDC_HEADERS 1
| #define HAVE_SYS_TYPES_H 1
| #define HAVE_SYS_STAT_H 1
| #define HAVE_STDLIB_H 1
| #define HAVE_STRING_H 1
| #define HAVE_MEMORY_H 1
| #define HAVE_STRINGS_H 1
| #define HAVE_INTTYPES_H 1
| #define HAVE_STDINT_H 1
| #define HAVE_UNISTD_H 1
| #define SIZEOF_FLOAT 4
| #define SIZEOF_DOUBLE 8
| #define SIZEOF_LONG_DOUBLE 16
| #define SIZEOF_CHAR 1
| #define SIZEOF_SHORT 2
| #define SIZEOF_INT 4
| #define SIZEOF_LONG 8
| #define SIZEOF_LONG_LONG 8
| #define STDC_HEADERS 1
| #define HAVE_STRCHR 1
| #define HAVE_MEMCPY 1
| #define HAVE_OPENGL 1
| #define FORTRANIZE_LOWERCASE_UNDERSCORE 1
| #define UNFIO_HDR_SIZE 4
| #define HAVE_LIBPGPLOT 1
| #define HAVE_HDF 1
| #define _WITH_MIRIAD 1
| #define _WITH_MIRIAD_BIMA 1
| /* end confdefs.h.  */
| 
| /* Override any GCC internal prototype to avoid an error.
|    Use char because int might match the return type of a GCC
|    builtin and then its argument prototype would still apply.  */
| #ifdef __cplusplus
| extern "C"
| #endif
| char tputs ();
| int
| main ()
| {
| return tputs ();
|   ;
|   return 0;
| }
configure:8546: result: no
configure:8511: checking for tputs in -ltermcap
configure:8536: gcc -o conftest -g -D_FILE_OFFSET_BITS=64 -D_LARGEFILE_SOURCE -D_LARGEFILE64_SOURCE  -g conftest.c -ltermcap   >&5
configure:8536: $? = 0
configure:8546: result: yes
configure:8564: checking readline/history.h usability
configure:8564: gcc -c -g -D_FILE_OFFSET_BITS=64 -D_LARGEFILE_SOURCE -D_LARGEFILE64_SOURCE  conftest.c >&5
configure:8564: $? = 0
configure:8564: result: yes
configure:8564: checking readline/history.h presence
configure:8564: gcc -E  conftest.c
configure:8564: $? = 0
configure:8564: result: yes
configure:8564: checking for readline/history.h
configure:8564: result: yes
configure:8566: checking for append_history in -lhistory
configure:8591: gcc -o conftest -g -D_FILE_OFFSET_BITS=64 -D_LARGEFILE_SOURCE -D_LARGEFILE64_SOURCE  -g conftest.c -lhistory   >&5
configure:8591: $? = 0
configure:8600: result: yes
configure:8612: checking readline/readline.h usability
configure:8612: gcc -c -g -D_FILE_OFFSET_BITS=64 -D_LARGEFILE_SOURCE -D_LARGEFILE64_SOURCE  conftest.c >&5
configure:8612: $? = 0
configure:8612: result: yes
configure:8612: checking readline/readline.h presence
configure:8612: gcc -E  conftest.c
configure:8612: $? = 0
configure:8612: result: yes
configure:8612: checking for readline/readline.h
configure:8612: result: yes
configure:8614: checking for readline in -lreadline
configure:8639: gcc -o conftest -g -D_FILE_OFFSET_BITS=64 -D_LARGEFILE_SOURCE -D_LARGEFILE64_SOURCE  -g conftest.c -lreadline -ltermcap  >&5
configure:8639: $? = 0
configure:8648: result: yes
configure:8666: checking for DFSDndataset in -ldf
configure:8691: gcc -o conftest -g -D_FILE_OFFSET_BITS=64 -D_LARGEFILE_SOURCE -D_LARGEFILE64_SOURCE  -g conftest.c -ldf   >&5
/tmp/cczeq47f.o: In function `main':
/home/adam/NEMO/nemo_cvs/conftest.c:50: undefined reference to `DFSDndataset'
collect2: error: ld returned 1 exit status
configure:8691: $? = 1
configure: failed program was:
| /* confdefs.h */
| #define PACKAGE_NAME ""
| #define PACKAGE_TARNAME ""
| #define PACKAGE_VERSION ""
| #define PACKAGE_STRING ""
| #define PACKAGE_BUGREPORT ""
| #define PACKAGE_URL ""
| #define STDC_HEADERS 1
| #define HAVE_SYS_TYPES_H 1
| #define HAVE_SYS_STAT_H 1
| #define HAVE_STDLIB_H 1
| #define HAVE_STRING_H 1
| #define HAVE_MEMORY_H 1
| #define HAVE_STRINGS_H 1
| #define HAVE_INTTYPES_H 1
| #define HAVE_STDINT_H 1
| #define HAVE_UNISTD_H 1
| #define SIZEOF_FLOAT 4
| #define SIZEOF_DOUBLE 8
| #define SIZEOF_LONG_DOUBLE 16
| #define SIZEOF_CHAR 1
| #define SIZEOF_SHORT 2
| #define SIZEOF_INT 4
| #define SIZEOF_LONG 8
| #define SIZEOF_LONG_LONG 8
| #define STDC_HEADERS 1
| #define HAVE_STRCHR 1
| #define HAVE_MEMCPY 1
| #define HAVE_OPENGL 1
| #define FORTRANIZE_LOWERCASE_UNDERSCORE 1
| #define UNFIO_HDR_SIZE 4
| #define HAVE_LIBPGPLOT 1
| #define HAVE_HDF 1
| #define _WITH_MIRIAD 1
| #define _WITH_MIRIAD_BIMA 1
| #define HAVE_LIBHISTORY 1
| #define HAVE_LIBREADLINE 1
| /* end confdefs.h.  */
| 
| /* Override any GCC internal prototype to avoid an error.
|    Use char because int might match the return type of a GCC
|    builtin and then its argument prototype would still apply.  */
| #ifdef __cplusplus
| extern "C"
| #endif
| char DFSDndataset ();
| int
| main ()
| {
| return DFSDndataset ();
|   ;
|   return 0;
| }
configure:8700: result: no
configure:8711: checking for foreground in -lvogl
configure:8736: gcc -o conftest -g -D_FILE_OFFSET_BITS=64 -D_LARGEFILE_SOURCE -D_LARGEFILE64_SOURCE  -g conftest.c -lvogl   >&5
/usr/bin/ld: cannot find -lvogl
collect2: error: ld returned 1 exit status
configure:8736: $? = 1
configure: failed program was:
| /* confdefs.h */
| #define PACKAGE_NAME ""
| #define PACKAGE_TARNAME ""
| #define PACKAGE_VERSION ""
| #define PACKAGE_STRING ""
| #define PACKAGE_BUGREPORT ""
| #define PACKAGE_URL ""
| #define STDC_HEADERS 1
| #define HAVE_SYS_TYPES_H 1
| #define HAVE_SYS_STAT_H 1
| #define HAVE_STDLIB_H 1
| #define HAVE_STRING_H 1
| #define HAVE_MEMORY_H 1
| #define HAVE_STRINGS_H 1
| #define HAVE_INTTYPES_H 1
| #define HAVE_STDINT_H 1
| #define HAVE_UNISTD_H 1
| #define SIZEOF_FLOAT 4
| #define SIZEOF_DOUBLE 8
| #define SIZEOF_LONG_DOUBLE 16
| #define SIZEOF_CHAR 1
| #define SIZEOF_SHORT 2
| #define SIZEOF_INT 4
| #define SIZEOF_LONG 8
| #define SIZEOF_LONG_LONG 8
| #define STDC_HEADERS 1
| #define HAVE_STRCHR 1
| #define HAVE_MEMCPY 1
| #define HAVE_OPENGL 1
| #define FORTRANIZE_LOWERCASE_UNDERSCORE 1
| #define UNFIO_HDR_SIZE 4
| #define HAVE_LIBPGPLOT 1
| #define HAVE_HDF 1
| #define _WITH_MIRIAD 1
| #define _WITH_MIRIAD_BIMA 1
| #define HAVE_LIBHISTORY 1
| #define HAVE_LIBREADLINE 1
| /* end confdefs.h.  */
| 
| /* Override any GCC internal prototype to avoid an error.
|    Use char because int might match the return type of a GCC
|    builtin and then its argument prototype would still apply.  */
| #ifdef __cplusplus
| extern "C"
| #endif
| char foreground ();
| int
| main ()
| {
| return foreground ();
|   ;
|   return 0;
| }
configure:8745: result: no
configure:8756: checking for inflate in -lz
configure:8781: gcc -o conftest -g -D_FILE_OFFSET_BITS=64 -D_LARGEFILE_SOURCE -D_LARGEFILE64_SOURCE  -g conftest.c -lz   >&5
configure:8781: $? = 0
configure:8790: result: yes
configure:8801: checking for strtoll in -lc
configure:8826: gcc -o conftest -g -D_FILE_OFFSET_BITS=64 -D_LARGEFILE_SOURCE -D_LARGEFILE64_SOURCE  -g conftest.c -lc  -lz  >&5
configure:8826: $? = 0
configure:8835: result: yes
configure:8846: checking for strtoull in -lc
configure:8871: gcc -o conftest -g -D_FILE_OFFSET_BITS=64 -D_LARGEFILE_SOURCE -D_LARGEFILE64_SOURCE  -g conftest.c -lc  -lc -lz  >&5
configure:8871: $? = 0
configure:8880: result: yes
configure:8892: checking for dlopen in -ldl
configure:8917: gcc -o conftest -g -D_FILE_OFFSET_BITS=64 -D_LARGEFILE_SOURCE -D_LARGEFILE64_SOURCE  -g conftest.c -ldl  -lc -lc -lz  >&5
configure:8917: $? = 0
configure:8926: result: yes
configure:8937: checking for shl_load in -ldld
configure:8962: gcc -o conftest -g -D_FILE_OFFSET_BITS=64 -D_LARGEFILE_SOURCE -D_LARGEFILE64_SOURCE  -g conftest.c -ldld  -ldl -lc -lc -lz  >&5
/usr/bin/ld: cannot find -ldld
collect2: error: ld returned 1 exit status
configure:8962: $? = 1
configure: failed program was:
| /* confdefs.h */
| #define PACKAGE_NAME ""
| #define PACKAGE_TARNAME ""
| #define PACKAGE_VERSION ""
| #define PACKAGE_STRING ""
| #define PACKAGE_BUGREPORT ""
| #define PACKAGE_URL ""
| #define STDC_HEADERS 1
| #define HAVE_SYS_TYPES_H 1
| #define HAVE_SYS_STAT_H 1
| #define HAVE_STDLIB_H 1
| #define HAVE_STRING_H 1
| #define HAVE_MEMORY_H 1
| #define HAVE_STRINGS_H 1
| #define HAVE_INTTYPES_H 1
| #define HAVE_STDINT_H 1
| #define HAVE_UNISTD_H 1
| #define SIZEOF_FLOAT 4
| #define SIZEOF_DOUBLE 8
| #define SIZEOF_LONG_DOUBLE 16
| #define SIZEOF_CHAR 1
| #define SIZEOF_SHORT 2
| #define SIZEOF_INT 4
| #define SIZEOF_LONG 8
| #define SIZEOF_LONG_LONG 8
| #define STDC_HEADERS 1
| #define HAVE_STRCHR 1
| #define HAVE_MEMCPY 1
| #define HAVE_OPENGL 1
| #define FORTRANIZE_LOWERCASE_UNDERSCORE 1
| #define UNFIO_HDR_SIZE 4
| #define HAVE_LIBPGPLOT 1
| #define HAVE_HDF 1
| #define _WITH_MIRIAD 1
| #define _WITH_MIRIAD_BIMA 1
| #define HAVE_LIBHISTORY 1
| #define HAVE_LIBREADLINE 1
| #define HAVE_LIBZ 1
| #define HAVE_LIBC 1
| #define HAVE_LIBC 1
| #define HAVE_LIBDL 1
| /* end confdefs.h.  */
| 
| /* Override any GCC internal prototype to avoid an error.
|    Use char because int might match the return type of a GCC
|    builtin and then its argument prototype would still apply.  */
| #ifdef __cplusplus
| extern "C"
| #endif
| char shl_load ();
| int
| main ()
| {
| return shl_load ();
|   ;
|   return 0;
| }
configure:8971: result: no
configure:8986: checking for library containing sin
configure:9017: gcc -o conftest -g -D_FILE_OFFSET_BITS=64 -D_LARGEFILE_SOURCE -D_LARGEFILE64_SOURCE  -g conftest.c -ldl -lc -lc -lz  >&5
conftest.c:50:6: warning: conflicting types for built-in function 'sin' [enabled by default]
/tmp/ccMHpi5D.o: In function `main':
/home/adam/NEMO/nemo_cvs/conftest.c:54: undefined reference to `sin'
collect2: error: ld returned 1 exit status
configure:9017: $? = 1
configure: failed program was:
| /* confdefs.h */
| #define PACKAGE_NAME ""
| #define PACKAGE_TARNAME ""
| #define PACKAGE_VERSION ""
| #define PACKAGE_STRING ""
| #define PACKAGE_BUGREPORT ""
| #define PACKAGE_URL ""
| #define STDC_HEADERS 1
| #define HAVE_SYS_TYPES_H 1
| #define HAVE_SYS_STAT_H 1
| #define HAVE_STDLIB_H 1
| #define HAVE_STRING_H 1
| #define HAVE_MEMORY_H 1
| #define HAVE_STRINGS_H 1
| #define HAVE_INTTYPES_H 1
| #define HAVE_STDINT_H 1
| #define HAVE_UNISTD_H 1
| #define SIZEOF_FLOAT 4
| #define SIZEOF_DOUBLE 8
| #define SIZEOF_LONG_DOUBLE 16
| #define SIZEOF_CHAR 1
| #define SIZEOF_SHORT 2
| #define SIZEOF_INT 4
| #define SIZEOF_LONG 8
| #define SIZEOF_LONG_LONG 8
| #define STDC_HEADERS 1
| #define HAVE_STRCHR 1
| #define HAVE_MEMCPY 1
| #define HAVE_OPENGL 1
| #define FORTRANIZE_LOWERCASE_UNDERSCORE 1
| #define UNFIO_HDR_SIZE 4
| #define HAVE_LIBPGPLOT 1
| #define HAVE_HDF 1
| #define _WITH_MIRIAD 1
| #define _WITH_MIRIAD_BIMA 1
| #define HAVE_LIBHISTORY 1
| #define HAVE_LIBREADLINE 1
| #define HAVE_LIBZ 1
| #define HAVE_LIBC 1
| #define HAVE_LIBC 1
| #define HAVE_LIBDL 1
| /* end confdefs.h.  */
| 
| /* Override any GCC internal prototype to avoid an error.
|    Use char because int might match the return type of a GCC
|    builtin and then its argument prototype would still apply.  */
| #ifdef __cplusplus
| extern "C"
| #endif
| char sin ();
| int
| main ()
| {
| return sin ();
|   ;
|   return 0;
| }
configure:9017: gcc -o conftest -g -D_FILE_OFFSET_BITS=64 -D_LARGEFILE_SOURCE -D_LARGEFILE64_SOURCE  -g conftest.c -lm  -ldl -lc -lc -lz  >&5
conftest.c:50:6: warning: conflicting types for built-in function 'sin' [enabled by default]
configure:9017: $? = 0
configure:9034: result: -lm
configure:9042: checking for library containing cblas_daxpy
configure:9073: gcc -o conftest -g -D_FILE_OFFSET_BITS=64 -D_LARGEFILE_SOURCE -D_LARGEFILE64_SOURCE  -g conftest.c -lm -ldl -lc -lc -lz  >&5
/tmp/cc0kKf9Q.o: In function `main':
/home/adam/NEMO/nemo_cvs/conftest.c:54: undefined reference to `cblas_daxpy'
collect2: error: ld returned 1 exit status
configure:9073: $? = 1
configure: failed program was:
| /* confdefs.h */
| #define PACKAGE_NAME ""
| #define PACKAGE_TARNAME ""
| #define PACKAGE_VERSION ""
| #define PACKAGE_STRING ""
| #define PACKAGE_BUGREPORT ""
| #define PACKAGE_URL ""
| #define STDC_HEADERS 1
| #define HAVE_SYS_TYPES_H 1
| #define HAVE_SYS_STAT_H 1
| #define HAVE_STDLIB_H 1
| #define HAVE_STRING_H 1
| #define HAVE_MEMORY_H 1
| #define HAVE_STRINGS_H 1
| #define HAVE_INTTYPES_H 1
| #define HAVE_STDINT_H 1
| #define HAVE_UNISTD_H 1
| #define SIZEOF_FLOAT 4
| #define SIZEOF_DOUBLE 8
| #define SIZEOF_LONG_DOUBLE 16
| #define SIZEOF_CHAR 1
| #define SIZEOF_SHORT 2
| #define SIZEOF_INT 4
| #define SIZEOF_LONG 8
| #define SIZEOF_LONG_LONG 8
| #define STDC_HEADERS 1
| #define HAVE_STRCHR 1
| #define HAVE_MEMCPY 1
| #define HAVE_OPENGL 1
| #define FORTRANIZE_LOWERCASE_UNDERSCORE 1
| #define UNFIO_HDR_SIZE 4
| #define HAVE_LIBPGPLOT 1
| #define HAVE_HDF 1
| #define _WITH_MIRIAD 1
| #define _WITH_MIRIAD_BIMA 1
| #define HAVE_LIBHISTORY 1
| #define HAVE_LIBREADLINE 1
| #define HAVE_LIBZ 1
| #define HAVE_LIBC 1
| #define HAVE_LIBC 1
| #define HAVE_LIBDL 1
| /* end confdefs.h.  */
| 
| /* Override any GCC internal prototype to avoid an error.
|    Use char because int might match the return type of a GCC
|    builtin and then its argument prototype would still apply.  */
| #ifdef __cplusplus
| extern "C"
| #endif
| char cblas_daxpy ();
| int
| main ()
| {
| return cblas_daxpy ();
|   ;
|   return 0;
| }
configure:9073: gcc -o conftest -g -D_FILE_OFFSET_BITS=64 -D_LARGEFILE_SOURCE -D_LARGEFILE64_SOURCE  -g conftest.c -lgslcblas  -lm -ldl -lc -lc -lz  >&5
configure:9073: $? = 0
configure:9090: result: -lgslcblas
configure:9098: checking for library containing gsl_version
configure:9129: gcc -o conftest -g -D_FILE_OFFSET_BITS=64 -D_LARGEFILE_SOURCE -D_LARGEFILE64_SOURCE  -g conftest.c -lgslcblas -lm -ldl -lc -lc -lz  >&5
/tmp/cc6nt9L1.o: In function `main':
/home/adam/NEMO/nemo_cvs/conftest.c:54: undefined reference to `gsl_version'
collect2: error: ld returned 1 exit status
configure:9129: $? = 1
configure: failed program was:
| /* confdefs.h */
| #define PACKAGE_NAME ""
| #define PACKAGE_TARNAME ""
| #define PACKAGE_VERSION ""
| #define PACKAGE_STRING ""
| #define PACKAGE_BUGREPORT ""
| #define PACKAGE_URL ""
| #define STDC_HEADERS 1
| #define HAVE_SYS_TYPES_H 1
| #define HAVE_SYS_STAT_H 1
| #define HAVE_STDLIB_H 1
| #define HAVE_STRING_H 1
| #define HAVE_MEMORY_H 1
| #define HAVE_STRINGS_H 1
| #define HAVE_INTTYPES_H 1
| #define HAVE_STDINT_H 1
| #define HAVE_UNISTD_H 1
| #define SIZEOF_FLOAT 4
| #define SIZEOF_DOUBLE 8
| #define SIZEOF_LONG_DOUBLE 16
| #define SIZEOF_CHAR 1
| #define SIZEOF_SHORT 2
| #define SIZEOF_INT 4
| #define SIZEOF_LONG 8
| #define SIZEOF_LONG_LONG 8
| #define STDC_HEADERS 1
| #define HAVE_STRCHR 1
| #define HAVE_MEMCPY 1
| #define HAVE_OPENGL 1
| #define FORTRANIZE_LOWERCASE_UNDERSCORE 1
| #define UNFIO_HDR_SIZE 4
| #define HAVE_LIBPGPLOT 1
| #define HAVE_HDF 1
| #define _WITH_MIRIAD 1
| #define _WITH_MIRIAD_BIMA 1
| #define HAVE_LIBHISTORY 1
| #define HAVE_LIBREADLINE 1
| #define HAVE_LIBZ 1
| #define HAVE_LIBC 1
| #define HAVE_LIBC 1
| #define HAVE_LIBDL 1
| /* end confdefs.h.  */
| 
| /* Override any GCC internal prototype to avoid an error.
|    Use char because int might match the return type of a GCC
|    builtin and then its argument prototype would still apply.  */
| #ifdef __cplusplus
| extern "C"
| #endif
| char gsl_version ();
| int
| main ()
| {
| return gsl_version ();
|   ;
|   return 0;
| }
configure:9129: gcc -o conftest -g -D_FILE_OFFSET_BITS=64 -D_LARGEFILE_SOURCE -D_LARGEFILE64_SOURCE  -g conftest.c -lgsl  -lgslcblas -lm -ldl -lc -lc -lz  >&5
configure:9129: $? = 0
configure:9146: result: -lgsl
configure:9161: checking for dirent.h that defines DIR
configure:9180: gcc -c -g -D_FILE_OFFSET_BITS=64 -D_LARGEFILE_SOURCE -D_LARGEFILE64_SOURCE  conftest.c >&5
configure:9180: $? = 0
configure:9188: result: yes
configure:9201: checking for library containing opendir
configure:9232: gcc -o conftest -g -D_FILE_OFFSET_BITS=64 -D_LARGEFILE_SOURCE -D_LARGEFILE64_SOURCE  -g conftest.c -lgsl -lgslcblas -lm -ldl -lc -lc -lz  >&5
configure:9232: $? = 0
configure:9249: result: none required
configure:9316: checking for ANSI C header files
configure:9420: result: yes
configure:9428: checking for sys/wait.h that is POSIX.1 compatible
configure:9454: gcc -c -g -D_FILE_OFFSET_BITS=64 -D_LARGEFILE_SOURCE -D_LARGEFILE64_SOURCE  conftest.c >&5
configure:9454: $? = 0
configure:9461: result: yes
configure:9472: checking fcntl.h usability
configure:9472: gcc -c -g -D_FILE_OFFSET_BITS=64 -D_LARGEFILE_SOURCE -D_LARGEFILE64_SOURCE  conftest.c >&5
configure:9472: $? = 0
configure:9472: result: yes
configure:9472: checking fcntl.h presence
configure:9472: gcc -E  conftest.c
configure:9472: $? = 0
configure:9472: result: yes
configure:9472: checking for fcntl.h
configure:9472: result: yes
configure:9472: checking limits.h usability
configure:9472: gcc -c -g -D_FILE_OFFSET_BITS=64 -D_LARGEFILE_SOURCE -D_LARGEFILE64_SOURCE  conftest.c >&5
configure:9472: $? = 0
configure:9472: result: yes
configure:9472: checking limits.h presence
configure:9472: gcc -E  conftest.c
configure:9472: $? = 0
configure:9472: result: yes
configure:9472: checking for limits.h
configure:9472: result: yes
configure:9472: checking malloc.h usability
configure:9472: gcc -c -g -D_FILE_OFFSET_BITS=64 -D_LARGEFILE_SOURCE -D_LARGEFILE64_SOURCE  conftest.c >&5
configure:9472: $? = 0
configure:9472: result: yes
configure:9472: checking malloc.h presence
configure:9472: gcc -E  conftest.c
configure:9472: $? = 0
configure:9472: result: yes
configure:9472: checking for malloc.h
configure:9472: result: yes
configure:9472: checking sgtty.h usability
configure:9472: gcc -c -g -D_FILE_OFFSET_BITS=64 -D_LARGEFILE_SOURCE -D_LARGEFILE64_SOURCE  conftest.c >&5
configure:9472: $? = 0
configure:9472: result: yes
configure:9472: checking sgtty.h presence
configure:9472: gcc -E  conftest.c
configure:9472: $? = 0
configure:9472: result: yes
configure:9472: checking for sgtty.h
configure:9472: result: yes
configure:9472: checking for strings.h
configure:9472: result: yes
configure:9472: checking sys/file.h usability
configure:9472: gcc -c -g -D_FILE_OFFSET_BITS=64 -D_LARGEFILE_SOURCE -D_LARGEFILE64_SOURCE  conftest.c >&5
configure:9472: $? = 0
configure:9472: result: yes
configure:9472: checking sys/file.h presence
configure:9472: gcc -E  conftest.c
configure:9472: $? = 0
configure:9472: result: yes
configure:9472: checking for sys/file.h
configure:9472: result: yes
configure:9472: checking sys/ioctl.h usability
configure:9472: gcc -c -g -D_FILE_OFFSET_BITS=64 -D_LARGEFILE_SOURCE -D_LARGEFILE64_SOURCE  conftest.c >&5
configure:9472: $? = 0
configure:9472: result: yes
configure:9472: checking sys/ioctl.h presence
configure:9472: gcc -E  conftest.c
configure:9472: $? = 0
configure:9472: result: yes
configure:9472: checking for sys/ioctl.h
configure:9472: result: yes
configure:9472: checking sys/time.h usability
configure:9472: gcc -c -g -D_FILE_OFFSET_BITS=64 -D_LARGEFILE_SOURCE -D_LARGEFILE64_SOURCE  conftest.c >&5
configure:9472: $? = 0
configure:9472: result: yes
configure:9472: checking sys/time.h presence
configure:9472: gcc -E  conftest.c
configure:9472: $? = 0
configure:9472: result: yes
configure:9472: checking for sys/time.h
configure:9472: result: yes
configure:9472: checking for unistd.h
configure:9472: result: yes
configure:9483: checking for an ANSI C-conforming const
configure:9548: gcc -c -g -D_FILE_OFFSET_BITS=64 -D_LARGEFILE_SOURCE -D_LARGEFILE64_SOURCE  conftest.c >&5
configure:9548: $? = 0
configure:9555: result: yes
configure:9563: checking for inline
configure:9579: gcc -c -g -D_FILE_OFFSET_BITS=64 -D_LARGEFILE_SOURCE -D_LARGEFILE64_SOURCE  conftest.c >&5
configure:9579: $? = 0
configure:9587: result: inline
configure:9605: checking for off_t
configure:9605: gcc -c -g -D_FILE_OFFSET_BITS=64 -D_LARGEFILE_SOURCE -D_LARGEFILE64_SOURCE  conftest.c >&5
configure:9605: $? = 0
configure:9605: gcc -c -g -D_FILE_OFFSET_BITS=64 -D_LARGEFILE_SOURCE -D_LARGEFILE64_SOURCE  conftest.c >&5
conftest.c: In function 'main':
conftest.c:91:20: error: expected expression before ')' token
configure:9605: $? = 1
configure: failed program was:
| /* confdefs.h */
| #define PACKAGE_NAME ""
| #define PACKAGE_TARNAME ""
| #define PACKAGE_VERSION ""
| #define PACKAGE_STRING ""
| #define PACKAGE_BUGREPORT ""
| #define PACKAGE_URL ""
| #define STDC_HEADERS 1
| #define HAVE_SYS_TYPES_H 1
| #define HAVE_SYS_STAT_H 1
| #define HAVE_STDLIB_H 1
| #define HAVE_STRING_H 1
| #define HAVE_MEMORY_H 1
| #define HAVE_STRINGS_H 1
| #define HAVE_INTTYPES_H 1
| #define HAVE_STDINT_H 1
| #define HAVE_UNISTD_H 1
| #define SIZEOF_FLOAT 4
| #define SIZEOF_DOUBLE 8
| #define SIZEOF_LONG_DOUBLE 16
| #define SIZEOF_CHAR 1
| #define SIZEOF_SHORT 2
| #define SIZEOF_INT 4
| #define SIZEOF_LONG 8
| #define SIZEOF_LONG_LONG 8
| #define STDC_HEADERS 1
| #define HAVE_STRCHR 1
| #define HAVE_MEMCPY 1
| #define HAVE_OPENGL 1
| #define FORTRANIZE_LOWERCASE_UNDERSCORE 1
| #define UNFIO_HDR_SIZE 4
| #define HAVE_LIBPGPLOT 1
| #define HAVE_HDF 1
| #define _WITH_MIRIAD 1
| #define _WITH_MIRIAD_BIMA 1
| #define HAVE_LIBHISTORY 1
| #define HAVE_LIBREADLINE 1
| #define HAVE_LIBZ 1
| #define HAVE_LIBC 1
| #define HAVE_LIBC 1
| #define HAVE_LIBDL 1
| #define HAVE_DIRENT_H 1
| #define STDC_HEADERS 1
| #define HAVE_SYS_WAIT_H 1
| #define HAVE_FCNTL_H 1
| #define HAVE_LIMITS_H 1
| #define HAVE_MALLOC_H 1
| #define HAVE_SGTTY_H 1
| #define HAVE_STRINGS_H 1
| #define HAVE_SYS_FILE_H 1
| #define HAVE_SYS_IOCTL_H 1
| #define HAVE_SYS_TIME_H 1
| #define HAVE_UNISTD_H 1
| /* end confdefs.h.  */
| #include <stdio.h>
| #ifdef HAVE_SYS_TYPES_H
| # include <sys/types.h>
| #endif
| #ifdef HAVE_SYS_STAT_H
| # include <sys/stat.h>
| #endif
| #ifdef STDC_HEADERS
| # include <stdlib.h>
| # include <stddef.h>
| #else
| # ifdef HAVE_STDLIB_H
| #  include <stdlib.h>
| # endif
| #endif
| #ifdef HAVE_STRING_H
| # if !defined STDC_HEADERS && defined HAVE_MEMORY_H
| #  include <memory.h>
| # endif
| # include <string.h>
| #endif
| #ifdef HAVE_STRINGS_H
| # include <strings.h>
| #endif
| #ifdef HAVE_INTTYPES_H
| # include <inttypes.h>
| #endif
| #ifdef HAVE_STDINT_H
| # include <stdint.h>
| #endif
| #ifdef HAVE_UNISTD_H
| # include <unistd.h>
| #endif
| int
| main ()
| {
| if (sizeof ((off_t)))
| 	    return 0;
|   ;
|   return 0;
| }
configure:9605: result: yes
configure:9616: checking for size_t
configure:9616: gcc -c -g -D_FILE_OFFSET_BITS=64 -D_LARGEFILE_SOURCE -D_LARGEFILE64_SOURCE  conftest.c >&5
configure:9616: $? = 0
configure:9616: gcc -c -g -D_FILE_OFFSET_BITS=64 -D_LARGEFILE_SOURCE -D_LARGEFILE64_SOURCE  conftest.c >&5
conftest.c: In function 'main':
conftest.c:91:21: error: expected expression before ')' token
configure:9616: $? = 1
configure: failed program was:
| /* confdefs.h */
| #define PACKAGE_NAME ""
| #define PACKAGE_TARNAME ""
| #define PACKAGE_VERSION ""
| #define PACKAGE_STRING ""
| #define PACKAGE_BUGREPORT ""
| #define PACKAGE_URL ""
| #define STDC_HEADERS 1
| #define HAVE_SYS_TYPES_H 1
| #define HAVE_SYS_STAT_H 1
| #define HAVE_STDLIB_H 1
| #define HAVE_STRING_H 1
| #define HAVE_MEMORY_H 1
| #define HAVE_STRINGS_H 1
| #define HAVE_INTTYPES_H 1
| #define HAVE_STDINT_H 1
| #define HAVE_UNISTD_H 1
| #define SIZEOF_FLOAT 4
| #define SIZEOF_DOUBLE 8
| #define SIZEOF_LONG_DOUBLE 16
| #define SIZEOF_CHAR 1
| #define SIZEOF_SHORT 2
| #define SIZEOF_INT 4
| #define SIZEOF_LONG 8
| #define SIZEOF_LONG_LONG 8
| #define STDC_HEADERS 1
| #define HAVE_STRCHR 1
| #define HAVE_MEMCPY 1
| #define HAVE_OPENGL 1
| #define FORTRANIZE_LOWERCASE_UNDERSCORE 1
| #define UNFIO_HDR_SIZE 4
| #define HAVE_LIBPGPLOT 1
| #define HAVE_HDF 1
| #define _WITH_MIRIAD 1
| #define _WITH_MIRIAD_BIMA 1
| #define HAVE_LIBHISTORY 1
| #define HAVE_LIBREADLINE 1
| #define HAVE_LIBZ 1
| #define HAVE_LIBC 1
| #define HAVE_LIBC 1
| #define HAVE_LIBDL 1
| #define HAVE_DIRENT_H 1
| #define STDC_HEADERS 1
| #define HAVE_SYS_WAIT_H 1
| #define HAVE_FCNTL_H 1
| #define HAVE_LIMITS_H 1
| #define HAVE_MALLOC_H 1
| #define HAVE_SGTTY_H 1
| #define HAVE_STRINGS_H 1
| #define HAVE_SYS_FILE_H 1
| #define HAVE_SYS_IOCTL_H 1
| #define HAVE_SYS_TIME_H 1
| #define HAVE_UNISTD_H 1
| /* end confdefs.h.  */
| #include <stdio.h>
| #ifdef HAVE_SYS_TYPES_H
| # include <sys/types.h>
| #endif
| #ifdef HAVE_SYS_STAT_H
| # include <sys/stat.h>
| #endif
| #ifdef STDC_HEADERS
| # include <stdlib.h>
| # include <stddef.h>
| #else
| # ifdef HAVE_STDLIB_H
| #  include <stdlib.h>
| # endif
| #endif
| #ifdef HAVE_STRING_H
| # if !defined STDC_HEADERS && defined HAVE_MEMORY_H
| #  include <memory.h>
| # endif
| # include <string.h>
| #endif
| #ifdef HAVE_STRINGS_H
| # include <strings.h>
| #endif
| #ifdef HAVE_INTTYPES_H
| # include <inttypes.h>
| #endif
| #ifdef HAVE_STDINT_H
| # include <stdint.h>
| #endif
| #ifdef HAVE_UNISTD_H
| # include <unistd.h>
| #endif
| int
| main ()
| {
| if (sizeof ((size_t)))
| 	    return 0;
|   ;
|   return 0;
| }
configure:9616: result: yes
configure:9627: checking whether time.h and sys/time.h may both be included
configure:9647: gcc -c -g -D_FILE_OFFSET_BITS=64 -D_LARGEFILE_SOURCE -D_LARGEFILE64_SOURCE  conftest.c >&5
configure:9647: $? = 0
configure:9654: result: yes
configure:9662: checking whether struct tm is in sys/time.h or time.h
configure:9682: gcc -c -g -D_FILE_OFFSET_BITS=64 -D_LARGEFILE_SOURCE -D_LARGEFILE64_SOURCE  conftest.c >&5
configure:9682: $? = 0
configure:9689: result: time.h
configure:9698: checking for long file names
configure:9730: result: yes
configure:9745: checking for special C compiler options needed for large files
configure:9790: result: no
configure:9796: checking for _FILE_OFFSET_BITS value needed for large files
configure:9821: gcc -c -g -D_FILE_OFFSET_BITS=64 -D_LARGEFILE_SOURCE -D_LARGEFILE64_SOURCE  conftest.c >&5
configure:9821: $? = 0
configure:9853: result: no
configure:9937: checking for uid_t in sys/types.h
configure:9956: result: yes
configure:9967: checking type of array argument to getgroups
configure:10001: gcc -o conftest -g -D_FILE_OFFSET_BITS=64 -D_LARGEFILE_SOURCE -D_LARGEFILE64_SOURCE  -g conftest.c -lgsl -lgslcblas -lm -ldl -lc -lc -lz  >&5
configure:10001: $? = 0
configure:10001: ./conftest
configure:10001: $? = 0
configure:10026: result: gid_t
configure:10035: checking whether gcc needs -traditional
configure:10069: result: no
configure:10076: checking for working memcmp
configure:10119: gcc -o conftest -g -D_FILE_OFFSET_BITS=64 -D_LARGEFILE_SOURCE -D_LARGEFILE64_SOURCE  -g conftest.c -lgsl -lgslcblas -lm -ldl -lc -lc -lz  >&5
configure:10119: $? = 0
configure:10119: ./conftest
configure:10119: $? = 0
configure:10129: result: yes
configure:10144: checking for stdlib.h
configure:10144: result: yes
configure:10144: checking for unistd.h
configure:10144: result: yes
configure:10144: checking for sys/param.h
configure:10144: gcc -c -g -D_FILE_OFFSET_BITS=64 -D_LARGEFILE_SOURCE -D_LARGEFILE64_SOURCE  conftest.c >&5
configure:10144: $? = 0
configure:10144: result: yes
configure:10164: checking for getpagesize
configure:10164: gcc -o conftest -g -D_FILE_OFFSET_BITS=64 -D_LARGEFILE_SOURCE -D_LARGEFILE64_SOURCE  -g conftest.c -lgsl -lgslcblas -lm -ldl -lc -lc -lz  >&5
configure:10164: $? = 0
configure:10164: result: yes
configure:10173: checking for working mmap
configure:10320: gcc -o conftest -g -D_FILE_OFFSET_BITS=64 -D_LARGEFILE_SOURCE -D_LARGEFILE64_SOURCE  -g conftest.c -lgsl -lgslcblas -lm -ldl -lc -lc -lz  >&5
configure:10320: $? = 0
configure:10320: ./conftest
configure:10320: $? = 0
configure:10330: result: yes
configure:10339: checking return type of signal handlers
configure:10357: gcc -c -g -D_FILE_OFFSET_BITS=64 -D_LARGEFILE_SOURCE -D_LARGEFILE64_SOURCE  conftest.c >&5
conftest.c: In function 'main':
conftest.c:69:1: error: void value not ignored as it ought to be
configure:10357: $? = 1
configure: failed program was:
| /* confdefs.h */
| #define PACKAGE_NAME ""
| #define PACKAGE_TARNAME ""
| #define PACKAGE_VERSION ""
| #define PACKAGE_STRING ""
| #define PACKAGE_BUGREPORT ""
| #define PACKAGE_URL ""
| #define STDC_HEADERS 1
| #define HAVE_SYS_TYPES_H 1
| #define HAVE_SYS_STAT_H 1
| #define HAVE_STDLIB_H 1
| #define HAVE_STRING_H 1
| #define HAVE_MEMORY_H 1
| #define HAVE_STRINGS_H 1
| #define HAVE_INTTYPES_H 1
| #define HAVE_STDINT_H 1
| #define HAVE_UNISTD_H 1
| #define SIZEOF_FLOAT 4
| #define SIZEOF_DOUBLE 8
| #define SIZEOF_LONG_DOUBLE 16
| #define SIZEOF_CHAR 1
| #define SIZEOF_SHORT 2
| #define SIZEOF_INT 4
| #define SIZEOF_LONG 8
| #define SIZEOF_LONG_LONG 8
| #define STDC_HEADERS 1
| #define HAVE_STRCHR 1
| #define HAVE_MEMCPY 1
| #define HAVE_OPENGL 1
| #define FORTRANIZE_LOWERCASE_UNDERSCORE 1
| #define UNFIO_HDR_SIZE 4
| #define HAVE_LIBPGPLOT 1
| #define HAVE_HDF 1
| #define _WITH_MIRIAD 1
| #define _WITH_MIRIAD_BIMA 1
| #define HAVE_LIBHISTORY 1
| #define HAVE_LIBREADLINE 1
| #define HAVE_LIBZ 1
| #define HAVE_LIBC 1
| #define HAVE_LIBC 1
| #define HAVE_LIBDL 1
| #define HAVE_DIRENT_H 1
| #define STDC_HEADERS 1
| #define HAVE_SYS_WAIT_H 1
| #define HAVE_FCNTL_H 1
| #define HAVE_LIMITS_H 1
| #define HAVE_MALLOC_H 1
| #define HAVE_SGTTY_H 1
| #define HAVE_STRINGS_H 1
| #define HAVE_SYS_FILE_H 1
| #define HAVE_SYS_IOCTL_H 1
| #define HAVE_SYS_TIME_H 1
| #define HAVE_UNISTD_H 1
| #define TIME_WITH_SYS_TIME 1
| #define HAVE_LONG_FILE_NAMES 1
| #define GETGROUPS_T gid_t
| #define HAVE_STDLIB_H 1
| #define HAVE_UNISTD_H 1
| #define HAVE_SYS_PARAM_H 1
| #define HAVE_GETPAGESIZE 1
| #define HAVE_MMAP 1
| /* end confdefs.h.  */
| #include <sys/types.h>
| #include <signal.h>
| 
| int
| main ()
| {
| return *(signal (0, 0)) (0) == 1;
|   ;
|   return 0;
| }
configure:10364: result: void
configure:10372: checking for pid_t
configure:10372: gcc -c -g -D_FILE_OFFSET_BITS=64 -D_LARGEFILE_SOURCE -D_LARGEFILE64_SOURCE  conftest.c >&5
configure:10372: $? = 0
configure:10372: gcc -c -g -D_FILE_OFFSET_BITS=64 -D_LARGEFILE_SOURCE -D_LARGEFILE64_SOURCE  conftest.c >&5
conftest.c: In function 'main':
conftest.c:100:20: error: expected expression before ')' token
configure:10372: $? = 1
configure: failed program was:
| /* confdefs.h */
| #define PACKAGE_NAME ""
| #define PACKAGE_TARNAME ""
| #define PACKAGE_VERSION ""
| #define PACKAGE_STRING ""
| #define PACKAGE_BUGREPORT ""
| #define PACKAGE_URL ""
| #define STDC_HEADERS 1
| #define HAVE_SYS_TYPES_H 1
| #define HAVE_SYS_STAT_H 1
| #define HAVE_STDLIB_H 1
| #define HAVE_STRING_H 1
| #define HAVE_MEMORY_H 1
| #define HAVE_STRINGS_H 1
| #define HAVE_INTTYPES_H 1
| #define HAVE_STDINT_H 1
| #define HAVE_UNISTD_H 1
| #define SIZEOF_FLOAT 4
| #define SIZEOF_DOUBLE 8
| #define SIZEOF_LONG_DOUBLE 16
| #define SIZEOF_CHAR 1
| #define SIZEOF_SHORT 2
| #define SIZEOF_INT 4
| #define SIZEOF_LONG 8
| #define SIZEOF_LONG_LONG 8
| #define STDC_HEADERS 1
| #define HAVE_STRCHR 1
| #define HAVE_MEMCPY 1
| #define HAVE_OPENGL 1
| #define FORTRANIZE_LOWERCASE_UNDERSCORE 1
| #define UNFIO_HDR_SIZE 4
| #define HAVE_LIBPGPLOT 1
| #define HAVE_HDF 1
| #define _WITH_MIRIAD 1
| #define _WITH_MIRIAD_BIMA 1
| #define HAVE_LIBHISTORY 1
| #define HAVE_LIBREADLINE 1
| #define HAVE_LIBZ 1
| #define HAVE_LIBC 1
| #define HAVE_LIBC 1
| #define HAVE_LIBDL 1
| #define HAVE_DIRENT_H 1
| #define STDC_HEADERS 1
| #define HAVE_SYS_WAIT_H 1
| #define HAVE_FCNTL_H 1
| #define HAVE_LIMITS_H 1
| #define HAVE_MALLOC_H 1
| #define HAVE_SGTTY_H 1
| #define HAVE_STRINGS_H 1
| #define HAVE_SYS_FILE_H 1
| #define HAVE_SYS_IOCTL_H 1
| #define HAVE_SYS_TIME_H 1
| #define HAVE_UNISTD_H 1
| #define TIME_WITH_SYS_TIME 1
| #define HAVE_LONG_FILE_NAMES 1
| #define GETGROUPS_T gid_t
| #define HAVE_STDLIB_H 1
| #define HAVE_UNISTD_H 1
| #define HAVE_SYS_PARAM_H 1
| #define HAVE_GETPAGESIZE 1
| #define HAVE_MMAP 1
| #define RETSIGTYPE void
| /* end confdefs.h.  */
| #include <stdio.h>
| #ifdef HAVE_SYS_TYPES_H
| # include <sys/types.h>
| #endif
| #ifdef HAVE_SYS_STAT_H
| # include <sys/stat.h>
| #endif
| #ifdef STDC_HEADERS
| # include <stdlib.h>
| # include <stddef.h>
| #else
| # ifdef HAVE_STDLIB_H
| #  include <stdlib.h>
| # endif
| #endif
| #ifdef HAVE_STRING_H
| # if !defined STDC_HEADERS && defined HAVE_MEMORY_H
| #  include <memory.h>
| # endif
| # include <string.h>
| #endif
| #ifdef HAVE_STRINGS_H
| # include <strings.h>
| #endif
| #ifdef HAVE_INTTYPES_H
| # include <inttypes.h>
| #endif
| #ifdef HAVE_STDINT_H
| # include <stdint.h>
| #endif
| #ifdef HAVE_UNISTD_H
| # include <unistd.h>
| #endif
| int
| main ()
| {
| if (sizeof ((pid_t)))
| 	    return 0;
|   ;
|   return 0;
| }
configure:10372: result: yes
configure:10385: checking vfork.h usability
configure:10385: gcc -c -g -D_FILE_OFFSET_BITS=64 -D_LARGEFILE_SOURCE -D_LARGEFILE64_SOURCE  conftest.c >&5
conftest.c:97:19: fatal error: vfork.h: No such file or directory
compilation terminated.
configure:10385: $? = 1
configure: failed program was:
| /* confdefs.h */
| #define PACKAGE_NAME ""
| #define PACKAGE_TARNAME ""
| #define PACKAGE_VERSION ""
| #define PACKAGE_STRING ""
| #define PACKAGE_BUGREPORT ""
| #define PACKAGE_URL ""
| #define STDC_HEADERS 1
| #define HAVE_SYS_TYPES_H 1
| #define HAVE_SYS_STAT_H 1
| #define HAVE_STDLIB_H 1
| #define HAVE_STRING_H 1
| #define HAVE_MEMORY_H 1
| #define HAVE_STRINGS_H 1
| #define HAVE_INTTYPES_H 1
| #define HAVE_STDINT_H 1
| #define HAVE_UNISTD_H 1
| #define SIZEOF_FLOAT 4
| #define SIZEOF_DOUBLE 8
| #define SIZEOF_LONG_DOUBLE 16
| #define SIZEOF_CHAR 1
| #define SIZEOF_SHORT 2
| #define SIZEOF_INT 4
| #define SIZEOF_LONG 8
| #define SIZEOF_LONG_LONG 8
| #define STDC_HEADERS 1
| #define HAVE_STRCHR 1
| #define HAVE_MEMCPY 1
| #define HAVE_OPENGL 1
| #define FORTRANIZE_LOWERCASE_UNDERSCORE 1
| #define UNFIO_HDR_SIZE 4
| #define HAVE_LIBPGPLOT 1
| #define HAVE_HDF 1
| #define _WITH_MIRIAD 1
| #define _WITH_MIRIAD_BIMA 1
| #define HAVE_LIBHISTORY 1
| #define HAVE_LIBREADLINE 1
| #define HAVE_LIBZ 1
| #define HAVE_LIBC 1
| #define HAVE_LIBC 1
| #define HAVE_LIBDL 1
| #define HAVE_DIRENT_H 1
| #define STDC_HEADERS 1
| #define HAVE_SYS_WAIT_H 1
| #define HAVE_FCNTL_H 1
| #define HAVE_LIMITS_H 1
| #define HAVE_MALLOC_H 1
| #define HAVE_SGTTY_H 1
| #define HAVE_STRINGS_H 1
| #define HAVE_SYS_FILE_H 1
| #define HAVE_SYS_IOCTL_H 1
| #define HAVE_SYS_TIME_H 1
| #define HAVE_UNISTD_H 1
| #define TIME_WITH_SYS_TIME 1
| #define HAVE_LONG_FILE_NAMES 1
| #define GETGROUPS_T gid_t
| #define HAVE_STDLIB_H 1
| #define HAVE_UNISTD_H 1
| #define HAVE_SYS_PARAM_H 1
| #define HAVE_GETPAGESIZE 1
| #define HAVE_MMAP 1
| #define RETSIGTYPE void
| /* end confdefs.h.  */
| #include <stdio.h>
| #ifdef HAVE_SYS_TYPES_H
| # include <sys/types.h>
| #endif
| #ifdef HAVE_SYS_STAT_H
| # include <sys/stat.h>
| #endif
| #ifdef STDC_HEADERS
| # include <stdlib.h>
| # include <stddef.h>
| #else
| # ifdef HAVE_STDLIB_H
| #  include <stdlib.h>
| # endif
| #endif
| #ifdef HAVE_STRING_H
| # if !defined STDC_HEADERS && defined HAVE_MEMORY_H
| #  include <memory.h>
| # endif
| # include <string.h>
| #endif
| #ifdef HAVE_STRINGS_H
| # include <strings.h>
| #endif
| #ifdef HAVE_INTTYPES_H
| # include <inttypes.h>
| #endif
| #ifdef HAVE_STDINT_H
| # include <stdint.h>
| #endif
| #ifdef HAVE_UNISTD_H
| # include <unistd.h>
| #endif
| #include <vfork.h>
configure:10385: result: no
configure:10385: checking vfork.h presence
configure:10385: gcc -E  conftest.c
conftest.c:64:19: fatal error: vfork.h: No such file or directory
compilation terminated.
configure:10385: $? = 1
configure: failed program was:
| /* confdefs.h */
| #define PACKAGE_NAME ""
| #define PACKAGE_TARNAME ""
| #define PACKAGE_VERSION ""
| #define PACKAGE_STRING ""
| #define PACKAGE_BUGREPORT ""
| #define PACKAGE_URL ""
| #define STDC_HEADERS 1
| #define HAVE_SYS_TYPES_H 1
| #define HAVE_SYS_STAT_H 1
| #define HAVE_STDLIB_H 1
| #define HAVE_STRING_H 1
| #define HAVE_MEMORY_H 1
| #define HAVE_STRINGS_H 1
| #define HAVE_INTTYPES_H 1
| #define HAVE_STDINT_H 1
| #define HAVE_UNISTD_H 1
| #define SIZEOF_FLOAT 4
| #define SIZEOF_DOUBLE 8
| #define SIZEOF_LONG_DOUBLE 16
| #define SIZEOF_CHAR 1
| #define SIZEOF_SHORT 2
| #define SIZEOF_INT 4
| #define SIZEOF_LONG 8
| #define SIZEOF_LONG_LONG 8
| #define STDC_HEADERS 1
| #define HAVE_STRCHR 1
| #define HAVE_MEMCPY 1
| #define HAVE_OPENGL 1
| #define FORTRANIZE_LOWERCASE_UNDERSCORE 1
| #define UNFIO_HDR_SIZE 4
| #define HAVE_LIBPGPLOT 1
| #define HAVE_HDF 1
| #define _WITH_MIRIAD 1
| #define _WITH_MIRIAD_BIMA 1
| #define HAVE_LIBHISTORY 1
| #define HAVE_LIBREADLINE 1
| #define HAVE_LIBZ 1
| #define HAVE_LIBC 1
| #define HAVE_LIBC 1
| #define HAVE_LIBDL 1
| #define HAVE_DIRENT_H 1
| #define STDC_HEADERS 1
| #define HAVE_SYS_WAIT_H 1
| #define HAVE_FCNTL_H 1
| #define HAVE_LIMITS_H 1
| #define HAVE_MALLOC_H 1
| #define HAVE_SGTTY_H 1
| #define HAVE_STRINGS_H 1
| #define HAVE_SYS_FILE_H 1
| #define HAVE_SYS_IOCTL_H 1
| #define HAVE_SYS_TIME_H 1
| #define HAVE_UNISTD_H 1
| #define TIME_WITH_SYS_TIME 1
| #define HAVE_LONG_FILE_NAMES 1
| #define GETGROUPS_T gid_t
| #define HAVE_STDLIB_H 1
| #define HAVE_UNISTD_H 1
| #define HAVE_SYS_PARAM_H 1
| #define HAVE_GETPAGESIZE 1
| #define HAVE_MMAP 1
| #define RETSIGTYPE void
| /* end confdefs.h.  */
| #include <vfork.h>
configure:10385: result: no
configure:10385: checking for vfork.h
configure:10385: result: no
configure:10398: checking for fork
configure:10398: gcc -o conftest -g -D_FILE_OFFSET_BITS=64 -D_LARGEFILE_SOURCE -D_LARGEFILE64_SOURCE  -g conftest.c -lgsl -lgslcblas -lm -ldl -lc -lc -lz  >&5
conftest.c:87:6: warning: conflicting types for built-in function 'fork' [enabled by default]
configure:10398: $? = 0
configure:10398: result: yes
configure:10398: checking for vfork
configure:10398: gcc -o conftest -g -D_FILE_OFFSET_BITS=64 -D_LARGEFILE_SOURCE -D_LARGEFILE64_SOURCE  -g conftest.c -lgsl -lgslcblas -lm -ldl -lc -lc -lz  >&5
configure:10398: $? = 0
configure:10398: result: yes
configure:10408: checking for working fork
configure:10430: gcc -o conftest -g -D_FILE_OFFSET_BITS=64 -D_LARGEFILE_SOURCE -D_LARGEFILE64_SOURCE  -g conftest.c -lgsl -lgslcblas -lm -ldl -lc -lc -lz  >&5
configure:10430: $? = 0
configure:10430: ./conftest
configure:10430: $? = 0
configure:10440: result: yes
configure:10461: checking for working vfork
configure:10571: result: yes
configure:10598: checking for vprintf
configure:10598: gcc -o conftest -g -D_FILE_OFFSET_BITS=64 -D_LARGEFILE_SOURCE -D_LARGEFILE64_SOURCE  -g conftest.c -lgsl -lgslcblas -lm -ldl -lc -lc -lz  >&5
conftest.c:91:6: warning: conflicting types for built-in function 'vprintf' [enabled by default]
configure:10598: $? = 0
configure:10598: result: yes
configure:10604: checking for _doprnt
configure:10604: gcc -o conftest -g -D_FILE_OFFSET_BITS=64 -D_LARGEFILE_SOURCE -D_LARGEFILE64_SOURCE  -g conftest.c -lgsl -lgslcblas -lm -ldl -lc -lc -lz  >&5
/tmp/ccIvLhCN.o: In function `main':
/home/adam/NEMO/nemo_cvs/conftest.c:103: undefined reference to `_doprnt'
collect2: error: ld returned 1 exit status
configure:10604: $? = 1
configure: failed program was:
| /* confdefs.h */
| #define PACKAGE_NAME ""
| #define PACKAGE_TARNAME ""
| #define PACKAGE_VERSION ""
| #define PACKAGE_STRING ""
| #define PACKAGE_BUGREPORT ""
| #define PACKAGE_URL ""
| #define STDC_HEADERS 1
| #define HAVE_SYS_TYPES_H 1
| #define HAVE_SYS_STAT_H 1
| #define HAVE_STDLIB_H 1
| #define HAVE_STRING_H 1
| #define HAVE_MEMORY_H 1
| #define HAVE_STRINGS_H 1
| #define HAVE_INTTYPES_H 1
| #define HAVE_STDINT_H 1
| #define HAVE_UNISTD_H 1
| #define SIZEOF_FLOAT 4
| #define SIZEOF_DOUBLE 8
| #define SIZEOF_LONG_DOUBLE 16
| #define SIZEOF_CHAR 1
| #define SIZEOF_SHORT 2
| #define SIZEOF_INT 4
| #define SIZEOF_LONG 8
| #define SIZEOF_LONG_LONG 8
| #define STDC_HEADERS 1
| #define HAVE_STRCHR 1
| #define HAVE_MEMCPY 1
| #define HAVE_OPENGL 1
| #define FORTRANIZE_LOWERCASE_UNDERSCORE 1
| #define UNFIO_HDR_SIZE 4
| #define HAVE_LIBPGPLOT 1
| #define HAVE_HDF 1
| #define _WITH_MIRIAD 1
| #define _WITH_MIRIAD_BIMA 1
| #define HAVE_LIBHISTORY 1
| #define HAVE_LIBREADLINE 1
| #define HAVE_LIBZ 1
| #define HAVE_LIBC 1
| #define HAVE_LIBC 1
| #define HAVE_LIBDL 1
| #define HAVE_DIRENT_H 1
| #define STDC_HEADERS 1
| #define HAVE_SYS_WAIT_H 1
| #define HAVE_FCNTL_H 1
| #define HAVE_LIMITS_H 1
| #define HAVE_MALLOC_H 1
| #define HAVE_SGTTY_H 1
| #define HAVE_STRINGS_H 1
| #define HAVE_SYS_FILE_H 1
| #define HAVE_SYS_IOCTL_H 1
| #define HAVE_SYS_TIME_H 1
| #define HAVE_UNISTD_H 1
| #define TIME_WITH_SYS_TIME 1
| #define HAVE_LONG_FILE_NAMES 1
| #define GETGROUPS_T gid_t
| #define HAVE_STDLIB_H 1
| #define HAVE_UNISTD_H 1
| #define HAVE_SYS_PARAM_H 1
| #define HAVE_GETPAGESIZE 1
| #define HAVE_MMAP 1
| #define RETSIGTYPE void
| #define HAVE_FORK 1
| #define HAVE_VFORK 1
| #define HAVE_WORKING_VFORK 1
| #define HAVE_WORKING_FORK 1
| #define HAVE_VPRINTF 1
| /* end confdefs.h.  */
| /* Define _doprnt to an innocuous variant, in case <limits.h> declares _doprnt.
|    For example, HP-UX 11i <limits.h> declares gettimeofday.  */
| #define _doprnt innocuous__doprnt
| 
| /* System header to define __stub macros and hopefully few prototypes,
|     which can conflict with char _doprnt (); below.
|     Prefer <limits.h> to <assert.h> if __STDC__ is defined, since
|     <limits.h> exists even on freestanding compilers.  */
| 
| #ifdef __STDC__
| # include <limits.h>
| #else
| # include <assert.h>
| #endif
| 
| #undef _doprnt
| 
| /* Override any GCC internal prototype to avoid an error.
|    Use char because int might match the return type of a GCC
|    builtin and then its argument prototype would still apply.  */
| #ifdef __cplusplus
| extern "C"
| #endif
| char _doprnt ();
| /* The GNU C library defines this for functions which it implements
|     to always fail with ENOSYS.  Some functions are actually named
|     something starting with __ and the normal name is an alias.  */
| #if defined __stub__doprnt || defined __stub____doprnt
| choke me
| #endif
| 
| int
| main ()
| {
| return _doprnt ();
|   ;
|   return 0;
| }
configure:10604: result: no
configure:10618: checking for ftime
configure:10618: gcc -o conftest -g -D_FILE_OFFSET_BITS=64 -D_LARGEFILE_SOURCE -D_LARGEFILE64_SOURCE  -g conftest.c -lgsl -lgslcblas -lm -ldl -lc -lc -lz  >&5
configure:10618: $? = 0
configure:10618: result: yes
configure:10618: checking for gethostname
configure:10618: gcc -o conftest -g -D_FILE_OFFSET_BITS=64 -D_LARGEFILE_SOURCE -D_LARGEFILE64_SOURCE  -g conftest.c -lgsl -lgslcblas -lm -ldl -lc -lc -lz  >&5
configure:10618: $? = 0
configure:10618: result: yes
configure:10618: checking for gettimeofday
configure:10618: gcc -o conftest -g -D_FILE_OFFSET_BITS=64 -D_LARGEFILE_SOURCE -D_LARGEFILE64_SOURCE  -g conftest.c -lgsl -lgslcblas -lm -ldl -lc -lc -lz  >&5
configure:10618: $? = 0
configure:10618: result: yes
configure:10618: checking for getwd
configure:10618: gcc -o conftest -g -D_FILE_OFFSET_BITS=64 -D_LARGEFILE_SOURCE -D_LARGEFILE64_SOURCE  -g conftest.c -lgsl -lgslcblas -lm -ldl -lc -lc -lz  >&5
configure:10618: $? = 0
configure:10618: result: yes
configure:10618: checking for mkdir
configure:10618: gcc -o conftest -g -D_FILE_OFFSET_BITS=64 -D_LARGEFILE_SOURCE -D_LARGEFILE64_SOURCE  -g conftest.c -lgsl -lgslcblas -lm -ldl -lc -lc -lz  >&5
configure:10618: $? = 0
configure:10618: result: yes
configure:10618: checking for select
configure:10618: gcc -o conftest -g -D_FILE_OFFSET_BITS=64 -D_LARGEFILE_SOURCE -D_LARGEFILE64_SOURCE  -g conftest.c -lgsl -lgslcblas -lm -ldl -lc -lc -lz  >&5
configure:10618: $? = 0
configure:10618: result: yes
configure:10618: checking for strdup
configure:10618: gcc -o conftest -g -D_FILE_OFFSET_BITS=64 -D_LARGEFILE_SOURCE -D_LARGEFILE64_SOURCE  -g conftest.c -lgsl -lgslcblas -lm -ldl -lc -lc -lz  >&5
conftest.c:98:6: warning: conflicting types for built-in function 'strdup' [enabled by default]
configure:10618: $? = 0
configure:10618: result: yes
configure:10618: checking for strtod
configure:10618: gcc -o conftest -g -D_FILE_OFFSET_BITS=64 -D_LARGEFILE_SOURCE -D_LARGEFILE64_SOURCE  -g conftest.c -lgsl -lgslcblas -lm -ldl -lc -lc -lz  >&5
configure:10618: $? = 0
configure:10618: result: yes
configure:10618: checking for strtol
configure:10618: gcc -o conftest -g -D_FILE_OFFSET_BITS=64 -D_LARGEFILE_SOURCE -D_LARGEFILE64_SOURCE  -g conftest.c -lgsl -lgslcblas -lm -ldl -lc -lc -lz  >&5
configure:10618: $? = 0
configure:10618: result: yes
configure:10618: checking for strtoul
configure:10618: gcc -o conftest -g -D_FILE_OFFSET_BITS=64 -D_LARGEFILE_SOURCE -D_LARGEFILE64_SOURCE  -g conftest.c -lgsl -lgslcblas -lm -ldl -lc -lc -lz  >&5
configure:10618: $? = 0
configure:10618: result: yes
configure:10618: checking for dprintf
configure:10618: gcc -o conftest -g -D_FILE_OFFSET_BITS=64 -D_LARGEFILE_SOURCE -D_LARGEFILE64_SOURCE  -g conftest.c -lgsl -lgslcblas -lm -ldl -lc -lc -lz  >&5
configure:10618: $? = 0
configure:10618: result: yes
configure:10618: checking for log2
configure:10618: gcc -o conftest -g -D_FILE_OFFSET_BITS=64 -D_LARGEFILE_SOURCE -D_LARGEFILE64_SOURCE  -g conftest.c -lgsl -lgslcblas -lm -ldl -lc -lc -lz  >&5
conftest.c:103:6: warning: conflicting types for built-in function 'log2' [enabled by default]
configure:10618: $? = 0
configure:10618: result: yes
configure:10628: checking whether byte ordering is bigendian
configure:10643: gcc -c -g -D_FILE_OFFSET_BITS=64 -D_LARGEFILE_SOURCE -D_LARGEFILE64_SOURCE  conftest.c >&5
conftest.c:82:9: error: unknown type name 'not'
conftest.c:82:15: error: expected '=', ',', ';', 'asm' or '__attribute__' before 'universal'
conftest.c:82:15: error: unknown type name 'universal'
configure:10643: $? = 1
configure: failed program was:
| /* confdefs.h */
| #define PACKAGE_NAME ""
| #define PACKAGE_TARNAME ""
| #define PACKAGE_VERSION ""
| #define PACKAGE_STRING ""
| #define PACKAGE_BUGREPORT ""
| #define PACKAGE_URL ""
| #define STDC_HEADERS 1
| #define HAVE_SYS_TYPES_H 1
| #define HAVE_SYS_STAT_H 1
| #define HAVE_STDLIB_H 1
| #define HAVE_STRING_H 1
| #define HAVE_MEMORY_H 1
| #define HAVE_STRINGS_H 1
| #define HAVE_INTTYPES_H 1
| #define HAVE_STDINT_H 1
| #define HAVE_UNISTD_H 1
| #define SIZEOF_FLOAT 4
| #define SIZEOF_DOUBLE 8
| #define SIZEOF_LONG_DOUBLE 16
| #define SIZEOF_CHAR 1
| #define SIZEOF_SHORT 2
| #define SIZEOF_INT 4
| #define SIZEOF_LONG 8
| #define SIZEOF_LONG_LONG 8
| #define STDC_HEADERS 1
| #define HAVE_STRCHR 1
| #define HAVE_MEMCPY 1
| #define HAVE_OPENGL 1
| #define FORTRANIZE_LOWERCASE_UNDERSCORE 1
| #define UNFIO_HDR_SIZE 4
| #define HAVE_LIBPGPLOT 1
| #define HAVE_HDF 1
| #define _WITH_MIRIAD 1
| #define _WITH_MIRIAD_BIMA 1
| #define HAVE_LIBHISTORY 1
| #define HAVE_LIBREADLINE 1
| #define HAVE_LIBZ 1
| #define HAVE_LIBC 1
| #define HAVE_LIBC 1
| #define HAVE_LIBDL 1
| #define HAVE_DIRENT_H 1
| #define STDC_HEADERS 1
| #define HAVE_SYS_WAIT_H 1
| #define HAVE_FCNTL_H 1
| #define HAVE_LIMITS_H 1
| #define HAVE_MALLOC_H 1
| #define HAVE_SGTTY_H 1
| #define HAVE_STRINGS_H 1
| #define HAVE_SYS_FILE_H 1
| #define HAVE_SYS_IOCTL_H 1
| #define HAVE_SYS_TIME_H 1
| #define HAVE_UNISTD_H 1
| #define TIME_WITH_SYS_TIME 1
| #define HAVE_LONG_FILE_NAMES 1
| #define GETGROUPS_T gid_t
| #define HAVE_STDLIB_H 1
| #define HAVE_UNISTD_H 1
| #define HAVE_SYS_PARAM_H 1
| #define HAVE_GETPAGESIZE 1
| #define HAVE_MMAP 1
| #define RETSIGTYPE void
| #define HAVE_FORK 1
| #define HAVE_VFORK 1
| #define HAVE_WORKING_VFORK 1
| #define HAVE_WORKING_FORK 1
| #define HAVE_VPRINTF 1
| #define HAVE_FTIME 1
| #define HAVE_GETHOSTNAME 1
| #define HAVE_GETTIMEOFDAY 1
| #define HAVE_GETWD 1
| #define HAVE_MKDIR 1
| #define HAVE_SELECT 1
| #define HAVE_STRDUP 1
| #define HAVE_STRTOD 1
| #define HAVE_STRTOL 1
| #define HAVE_STRTOUL 1
| #define HAVE_DPRINTF 1
| #define HAVE_LOG2 1
| /* end confdefs.h.  */
| #ifndef __APPLE_CC__
| 	       not a universal capable compiler
| 	     #endif
| 	     typedef int dummy;
| 
configure:10688: gcc -c -g -D_FILE_OFFSET_BITS=64 -D_LARGEFILE_SOURCE -D_LARGEFILE64_SOURCE  conftest.c >&5
configure:10688: $? = 0
configure:10706: gcc -c -g -D_FILE_OFFSET_BITS=64 -D_LARGEFILE_SOURCE -D_LARGEFILE64_SOURCE  conftest.c >&5
conftest.c: In function 'main':
conftest.c:88:4: error: unknown type name 'not'
conftest.c:88:12: error: expected '=', ',', ';', 'asm' or '__attribute__' before 'endian'
configure:10706: $? = 1
configure: failed program was:
| /* confdefs.h */
| #define PACKAGE_NAME ""
| #define PACKAGE_TARNAME ""
| #define PACKAGE_VERSION ""
| #define PACKAGE_STRING ""
| #define PACKAGE_BUGREPORT ""
| #define PACKAGE_URL ""
| #define STDC_HEADERS 1
| #define HAVE_SYS_TYPES_H 1
| #define HAVE_SYS_STAT_H 1
| #define HAVE_STDLIB_H 1
| #define HAVE_STRING_H 1
| #define HAVE_MEMORY_H 1
| #define HAVE_STRINGS_H 1
| #define HAVE_INTTYPES_H 1
| #define HAVE_STDINT_H 1
| #define HAVE_UNISTD_H 1
| #define SIZEOF_FLOAT 4
| #define SIZEOF_DOUBLE 8
| #define SIZEOF_LONG_DOUBLE 16
| #define SIZEOF_CHAR 1
| #define SIZEOF_SHORT 2
| #define SIZEOF_INT 4
| #define SIZEOF_LONG 8
| #define SIZEOF_LONG_LONG 8
| #define STDC_HEADERS 1
| #define HAVE_STRCHR 1
| #define HAVE_MEMCPY 1
| #define HAVE_OPENGL 1
| #define FORTRANIZE_LOWERCASE_UNDERSCORE 1
| #define UNFIO_HDR_SIZE 4
| #define HAVE_LIBPGPLOT 1
| #define HAVE_HDF 1
| #define _WITH_MIRIAD 1
| #define _WITH_MIRIAD_BIMA 1
| #define HAVE_LIBHISTORY 1
| #define HAVE_LIBREADLINE 1
| #define HAVE_LIBZ 1
| #define HAVE_LIBC 1
| #define HAVE_LIBC 1
| #define HAVE_LIBDL 1
| #define HAVE_DIRENT_H 1
| #define STDC_HEADERS 1
| #define HAVE_SYS_WAIT_H 1
| #define HAVE_FCNTL_H 1
| #define HAVE_LIMITS_H 1
| #define HAVE_MALLOC_H 1
| #define HAVE_SGTTY_H 1
| #define HAVE_STRINGS_H 1
| #define HAVE_SYS_FILE_H 1
| #define HAVE_SYS_IOCTL_H 1
| #define HAVE_SYS_TIME_H 1
| #define HAVE_UNISTD_H 1
| #define TIME_WITH_SYS_TIME 1
| #define HAVE_LONG_FILE_NAMES 1
| #define GETGROUPS_T gid_t
| #define HAVE_STDLIB_H 1
| #define HAVE_UNISTD_H 1
| #define HAVE_SYS_PARAM_H 1
| #define HAVE_GETPAGESIZE 1
| #define HAVE_MMAP 1
| #define RETSIGTYPE void
| #define HAVE_FORK 1
| #define HAVE_VFORK 1
| #define HAVE_WORKING_VFORK 1
| #define HAVE_WORKING_FORK 1
| #define HAVE_VPRINTF 1
| #define HAVE_FTIME 1
| #define HAVE_GETHOSTNAME 1
| #define HAVE_GETTIMEOFDAY 1
| #define HAVE_GETWD 1
| #define HAVE_MKDIR 1
| #define HAVE_SELECT 1
| #define HAVE_STRDUP 1
| #define HAVE_STRTOD 1
| #define HAVE_STRTOL 1
| #define HAVE_STRTOUL 1
| #define HAVE_DPRINTF 1
| #define HAVE_LOG2 1
| /* end confdefs.h.  */
| #include <sys/types.h>
| 		#include <sys/param.h>
| 
| int
| main ()
| {
| #if BYTE_ORDER != BIG_ENDIAN
| 		 not big endian
| 		#endif
| 
|   ;
|   return 0;
| }
configure:10834: result: no
configure:10865: checking looking for a reasonable YAPP
configure:10882: WARNING: using
configure:10888: result: pgplot
configure:11017: creating ./config.status

## ---------------------- ##
## Running config.status. ##
## ---------------------- ##

This file was extended by config.status, which was
generated by GNU Autoconf 2.68.  Invocation command line was

  CONFIG_FILES    = 
  CONFIG_HEADERS  = 
  CONFIG_LINKS    = 
  CONFIG_COMMANDS = 
  $ ./config.status 

on adam-ThinkPad-T420

config.status:945: creating NEMORC.gen
config.status:945: creating Makefile
config.status:945: creating makedefs
config.status:945: creating nemo_start
config.status:945: creating nemo.pl
config.status:945: creating config.h

## ---------------- ##
## Cache variables. ##
## ---------------- ##

ac_cv_build=x86_64-unknown-linux-gnu
ac_cv_c_bigendian=no
ac_cv_c_compiler_gnu=yes
ac_cv_c_const=yes
ac_cv_c_inline=inline
ac_cv_cxx_compiler_gnu=yes
ac_cv_env_CCC_set=
ac_cv_env_CCC_value=
ac_cv_env_CC_set=set
ac_cv_env_CC_value=gcc
ac_cv_env_CFLAGS_set=
ac_cv_env_CFLAGS_value=
ac_cv_env_CPPFLAGS_set=
ac_cv_env_CPPFLAGS_value=
ac_cv_env_CPP_set=
ac_cv_env_CPP_value=
ac_cv_env_CXXFLAGS_set=
ac_cv_env_CXXFLAGS_value=
ac_cv_env_CXX_set=set
ac_cv_env_CXX_value=g++
ac_cv_env_F77_set=set
ac_cv_env_F77_value=gfortran
ac_cv_env_FFLAGS_set=
ac_cv_env_FFLAGS_value=
ac_cv_env_LDFLAGS_set=
ac_cv_env_LDFLAGS_value=
ac_cv_env_LIBS_set=
ac_cv_env_LIBS_value=
ac_cv_env_XMKMF_set=
ac_cv_env_XMKMF_value=
ac_cv_env_build_alias_set=
ac_cv_env_build_alias_value=
ac_cv_env_host_alias_set=
ac_cv_env_host_alias_value=
ac_cv_env_target_alias_set=
ac_cv_env_target_alias_value=
ac_cv_f77_compiler_gnu=yes
ac_cv_f77_libs=' -L/usr/lib/gcc/x86_64-linux-gnu/4.7 -L/usr/lib/gcc/x86_64-linux-gnu/4.7/../../../x86_64-linux-gnu -L/usr/lib/gcc/x86_64-linux-gnu/4.7/../../../../lib -L/lib/x86_64-linux-gnu -L/lib/../lib -L/usr/lib/x86_64-linux-gnu -L/usr/lib/../lib -L/usr/lib/gcc/x86_64-linux-gnu/4.7/../../.. -lgfortran -lm -lquadmath'
ac_cv_func_XMesaGetBackBuffer=no
ac_cv_func__doprnt=no
ac_cv_func_connect=yes
ac_cv_func_dprintf=yes
ac_cv_func_fork=yes
ac_cv_func_fork_works=yes
ac_cv_func_ftime=yes
ac_cv_func_gethostbyname=yes
ac_cv_func_gethostname=yes
ac_cv_func_getpagesize=yes
ac_cv_func_gettimeofday=yes
ac_cv_func_getwd=yes
ac_cv_func_log2=yes
ac_cv_func_memcmp_working=yes
ac_cv_func_memcpy=yes
ac_cv_func_mkdir=yes
ac_cv_func_mmap_fixed_mapped=yes
ac_cv_func_remove=yes
ac_cv_func_select=yes
ac_cv_func_shmat=yes
ac_cv_func_strchr=yes
ac_cv_func_strdup=yes
ac_cv_func_strtod=yes
ac_cv_func_strtol=yes
ac_cv_func_strtoul=yes
ac_cv_func_vfork=yes
ac_cv_func_vfork_works=yes
ac_cv_func_vprintf=yes
ac_cv_have_x='have_x=yes	ac_x_includes='\'''\''	ac_x_libraries='\'''\'''
ac_cv_header_dirent_dirent_h=yes
ac_cv_header_fcntl_h=yes
ac_cv_header_inttypes_h=yes
ac_cv_header_limits_h=yes
ac_cv_header_malloc_h=yes
ac_cv_header_memory_h=yes
ac_cv_header_readline_history_h=yes
ac_cv_header_readline_readline_h=yes
ac_cv_header_sgtty_h=yes
ac_cv_header_stdc=yes
ac_cv_header_stdint_h=yes
ac_cv_header_stdlib_h=yes
ac_cv_header_string_h=yes
ac_cv_header_strings_h=yes
ac_cv_header_sys_file_h=yes
ac_cv_header_sys_ioctl_h=yes
ac_cv_header_sys_param_h=yes
ac_cv_header_sys_stat_h=yes
ac_cv_header_sys_time_h=yes
ac_cv_header_sys_types_h=yes
ac_cv_header_sys_wait_h=yes
ac_cv_header_time=yes
ac_cv_header_unistd_h=yes
ac_cv_header_vfork_h=no
ac_cv_host=x86_64-unknown-linux-gnu
ac_cv_lib_GLU_gluProject=yes
ac_cv_lib_GL_glBegin=yes
ac_cv_lib_ICE_IceConnectionNumber=yes
ac_cv_lib_c_strtoll=yes
ac_cv_lib_c_strtoull=yes
ac_cv_lib_curses___tputs=no
ac_cv_lib_df_DFSDndataset=no
ac_cv_lib_dl_dlopen=yes
ac_cv_lib_dld_shl_load=no
ac_cv_lib_history_append_history=yes
ac_cv_lib_m_sqrt=yes
ac_cv_lib_ncurses___tputs=no
ac_cv_lib_readline_readline=yes
ac_cv_lib_termcap___tputs=yes
ac_cv_lib_vogl_foreground=no
ac_cv_lib_z_inflate=yes
ac_cv_objext=o
ac_cv_path_EGREP='/bin/grep -E'
ac_cv_path_GREP=/bin/grep
ac_cv_path_install='/usr/bin/install -c'
ac_cv_prog_AWK=gawk
ac_cv_prog_CC=gcc
ac_cv_prog_CPP='gcc -E'
ac_cv_prog_F77=gfortran
ac_cv_prog_MAKE=make
ac_cv_prog_ac_ct_CC=gcc
ac_cv_prog_ac_ct_RANLIB=ranlib
ac_cv_prog_cc_c89=
ac_cv_prog_cc_g=yes
ac_cv_prog_cxx_g=yes
ac_cv_prog_f77_g=yes
ac_cv_prog_f77_v=-v
ac_cv_prog_gcc_traditional=no
ac_cv_prog_make_make_set=yes
ac_cv_search_cblas_daxpy=-lgslcblas
ac_cv_search_gsl_version=-lgsl
ac_cv_search_opendir='none required'
ac_cv_search_sin=-lm
ac_cv_sizeof_char=1
ac_cv_sizeof_double=8
ac_cv_sizeof_float=4
ac_cv_sizeof_int=4
ac_cv_sizeof_long=8
ac_cv_sizeof_long_double=16
ac_cv_sizeof_long_long=8
ac_cv_sizeof_short=2
ac_cv_struct_tm=time.h
ac_cv_sys_file_offset_bits=no
ac_cv_sys_largefile_CC=no
ac_cv_sys_long_file_names=yes
ac_cv_type_getgroups=gid_t
ac_cv_type_off_t=yes
ac_cv_type_pid_t=yes
ac_cv_type_signal=void
ac_cv_type_size_t=yes
ac_cv_type_uid_t=yes
ax_cv_f77_cmain_fflags=none

## ----------------- ##
## Output variables. ##
## ----------------- ##

AWK='gawk'
CC='gcc'
CCSHARED='-fpic'
CFITSIO_INC=''
CFITSIO_LIB=''
CFLAGS='-g -D_FILE_OFFSET_BITS=64 -D_LARGEFILE_SOURCE -D_LARGEFILE64_SOURCE'
CPP='gcc -E'
CPPFLAGS=''
CXX='g++'
CXXFLAGS='-g'
DEFS='-DHAVE_CONFIG_H'
DSO_LINK='-Wl,--no-as-needed'
ECHO_C=''
ECHO_N='-n'
ECHO_T=''
EGREP='/bin/grep -E'
EXEEXT=''
F77='gfortran'
F77_CMAIN_FFLAGS=''
FFLAGS='-g'
FLIBS=' -L/usr/lib/gcc/x86_64-linux-gnu/4.7 -L/usr/lib/gcc/x86_64-linux-gnu/4.7/../../../x86_64-linux-gnu -L/usr/lib/gcc/x86_64-linux-gnu/4.7/../../../../lib -L/lib/x86_64-linux-gnu -L/lib/../lib -L/usr/lib/x86_64-linux-gnu -L/usr/lib/../lib -L/usr/lib/gcc/x86_64-linux-gnu/4.7/../../.. -lgfortran -lm -lquadmath'
GLLIBS='-lGLU -lGL'
GREP='/bin/grep'
GSL_CFLAGS=''
GSL_CONFIG=''
GSL_LIBS=''
HDF_INC='-I/usr/include/hdf'
HDF_LIB='-L/usr/lib -L/usr/lib/hdf -ldf -ljpeg -lz'
INSTALL_DATA='${INSTALL} -m 644'
INSTALL_PROGRAM='${INSTALL}'
INSTALL_SCRIPT='${INSTALL}'
LDFLAGS='-g'
LIBOBJS=''
LIBS='-lgsl -lgslcblas -lm -ldl -lc -lc -lz '
LN_S='ln -s'
LOADOBJ_LIBS='-ldl'
LOADOBJ_MACH='-Dlinux -DSYSV'
LTLIBOBJS=''
MACOS_LIBS=''
MAKE='make'
MATH_LIBS='-lm'
MIRIAD_INC='-I/usr/local/option/miriad//src/inc -I/usr/local/option/miriad//src/subs'
MIRIAD_LIB='-L/usr/local/option/miriad//lib -lmir'
NEMO='/home/adam/NEMO/nemo_cvs'
NEMOHOST='x86_64-unknown-linux-gnu'
NEMOVER='3.3.3'
NEMO_CFLAGS='   -rdynamic'
NEMO_FFLAGS=''
NEMO_LIBS=''
OBJEXT='o'
PACKAGE_BUGREPORT=''
PACKAGE_NAME=''
PACKAGE_STRING=''
PACKAGE_TARNAME=''
PACKAGE_URL=''
PACKAGE_VERSION=''
PATH_SEPARATOR=':'
PGPLOT_DIR='/home/adam/NEMO/nemo_cvs/lib'
PNG_LIB=''
PVM_INC=''
PVM_LIB=''
RANLIB='ranlib'
RDL_LIBS='-lreadline -lhistory -ltermcap'
SET_MAKE=''
SHELL='/bin/bash'
TCL_CFLAGS=''
TCL_LIBS=''
WARNING='Do not edit this file, it has been generated by configure'
XINCS=''
XLIBS='  -lSM -lICE -lXext -lX11 '
XMKMF=''
X_CFLAGS=''
X_EXTRA_LIBS=''
X_LIBS=''
X_PRE_LIBS=' -lSM -lICE'
YAPP_DEF='/xs'
YAPP_LIBS='-L/home/adam/NEMO/nemo_cvs/lib -lcpgplot -lpgplot    -lSM -lICE -lXext -lX11   -L/usr/lib/gcc/x86_64-linux-gnu/4.7 -L/usr/lib/gcc/x86_64-linux-gnu/4.7/../../../x86_64-linux-gnu -L/usr/lib/gcc/x86_64-linux-gnu/4.7/../../../../lib -L/lib/x86_64-linux-gnu -L/lib/../lib -L/usr/lib/x86_64-linux-gnu -L/usr/lib/../lib -L/usr/lib/gcc/x86_64-linux-gnu/4.7/../../.. -lgfortran -lm -lquadmath'
YAPP_NAME='pgplot'
ac_ct_CC='gcc'
ac_ct_CXX=''
ac_ct_F77=''
bindir='${exec_prefix}/bin'
build='x86_64-unknown-linux-gnu'
build_alias=''
build_cpu='x86_64'
build_os='linux-gnu'
build_vendor='unknown'
datadir='${datarootdir}'
datarootdir='${prefix}/share'
docdir='${datarootdir}/doc/${PACKAGE}'
dvidir='${docdir}'
exec_prefix='${prefix}'
host='x86_64-unknown-linux-gnu'
host_alias=''
host_cpu='x86_64'
host_os='linux-gnu'
host_vendor='unknown'
htmldir='${docdir}'
includedir='${prefix}/include'
infodir='${datarootdir}/info'
libdir='${exec_prefix}/lib'
libexecdir='${exec_prefix}/libexec'
localedir='${datarootdir}/locale'
localstatedir='${prefix}/var'
mandir='${datarootdir}/man'
oldincludedir='/usr/include'
pdfdir='${docdir}'
prefix='/usr/local'
program_transform_name='s,x,x,'
psdir='${docdir}'
sbindir='${exec_prefix}/sbin'
sharedstatedir='${prefix}/com'
sysconfdir='${prefix}/etc'
target_alias=''

## ----------- ##
## confdefs.h. ##
## ----------- ##

/* confdefs.h */
#define PACKAGE_NAME ""
#define PACKAGE_TARNAME ""
#define PACKAGE_VERSION ""
#define PACKAGE_STRING ""
#define PACKAGE_BUGREPORT ""
#define PACKAGE_URL ""
#define STDC_HEADERS 1
#define HAVE_SYS_TYPES_H 1
#define HAVE_SYS_STAT_H 1
#define HAVE_STDLIB_H 1
#define HAVE_STRING_H 1
#define HAVE_MEMORY_H 1
#define HAVE_STRINGS_H 1
#define HAVE_INTTYPES_H 1
#define HAVE_STDINT_H 1
#define HAVE_UNISTD_H 1
#define SIZEOF_FLOAT 4
#define SIZEOF_DOUBLE 8
#define SIZEOF_LONG_DOUBLE 16
#define SIZEOF_CHAR 1
#define SIZEOF_SHORT 2
#define SIZEOF_INT 4
#define SIZEOF_LONG 8
#define SIZEOF_LONG_LONG 8
#define STDC_HEADERS 1
#define HAVE_STRCHR 1
#define HAVE_MEMCPY 1
#define HAVE_OPENGL 1
#define FORTRANIZE_LOWERCASE_UNDERSCORE 1
#define UNFIO_HDR_SIZE 4
#define HAVE_LIBPGPLOT 1
#define HAVE_HDF 1
#define _WITH_MIRIAD 1
#define _WITH_MIRIAD_BIMA 1
#define HAVE_LIBHISTORY 1
#define HAVE_LIBREADLINE 1
#define HAVE_LIBZ 1
#define HAVE_LIBC 1
#define HAVE_LIBC 1
#define HAVE_LIBDL 1
#define HAVE_DIRENT_H 1
#define STDC_HEADERS 1
#define HAVE_SYS_WAIT_H 1
#define HAVE_FCNTL_H 1
#define HAVE_LIMITS_H 1
#define HAVE_MALLOC_H 1
#define HAVE_SGTTY_H 1
#define HAVE_STRINGS_H 1
#define HAVE_SYS_FILE_H 1
#define HAVE_SYS_IOCTL_H 1
#define HAVE_SYS_TIME_H 1
#define HAVE_UNISTD_H 1
#define TIME_WITH_SYS_TIME 1
#define HAVE_LONG_FILE_NAMES 1
#define GETGROUPS_T gid_t
#define HAVE_STDLIB_H 1
#define HAVE_UNISTD_H 1
#define HAVE_SYS_PARAM_H 1
#define HAVE_GETPAGESIZE 1
#define HAVE_MMAP 1
#define RETSIGTYPE void
#define HAVE_FORK 1
#define HAVE_VFORK 1
#define HAVE_WORKING_VFORK 1
#define HAVE_WORKING_FORK 1
#define HAVE_VPRINTF 1
#define HAVE_FTIME 1
#define HAVE_GETHOSTNAME 1
#define HAVE_GETTIMEOFDAY 1
#define HAVE_GETWD 1
#define HAVE_MKDIR 1
#define HAVE_SELECT 1
#define HAVE_STRDUP 1
#define HAVE_STRTOD 1
#define HAVE_STRTOL 1
#define HAVE_STRTOUL 1
#define HAVE_DPRINTF 1
#define HAVE_LOG2 1

configure: exit 0
